[2024-01-12 09:50:52 [32mINFO [0;39m restartedMain] [com.green.greengram4.Greengram4Application] [36mStarting Greengram4Application using Java 17.0.8.1 with PID 7508 (D:\2023_second\greengram4\build\classes\java\main started by Administrator in D:\2023_second\greengram4)[0;39m
[2024-01-12 09:50:52 [32mINFO [0;39m restartedMain] [com.green.greengram4.Greengram4Application] [36mNo active profile set, falling back to 1 default profile: "default"[0;39m
[2024-01-12 09:50:52 [32mINFO [0;39m restartedMain] [org.springframework.boot.devtools.env.DevToolsPropertyDefaultsPostProcessor] [36mDevtools property defaults active! Set 'spring.devtools.add-properties' to 'false' to disable[0;39m
[2024-01-12 09:50:52 [32mINFO [0;39m restartedMain] [org.springframework.boot.devtools.env.DevToolsPropertyDefaultsPostProcessor] [36mFor additional web related logging consider setting the 'logging.level.web' property to 'DEBUG'[0;39m
[2024-01-12 09:50:53 [32mINFO [0;39m restartedMain] [org.springframework.boot.web.embedded.tomcat.TomcatWebServer] [36mTomcat initialized with port 8082 (http)[0;39m
[2024-01-12 09:50:53 [32mINFO [0;39m restartedMain] [org.apache.coyote.http11.Http11NioProtocol] [36mInitializing ProtocolHandler ["http-nio-8082"][0;39m
[2024-01-12 09:50:53 [32mINFO [0;39m restartedMain] [org.apache.catalina.core.StandardService] [36mStarting service [Tomcat][0;39m
[2024-01-12 09:50:53 [32mINFO [0;39m restartedMain] [org.apache.catalina.core.StandardEngine] [36mStarting Servlet engine: [Apache Tomcat/10.1.17][0;39m
[2024-01-12 09:50:53 [32mINFO [0;39m restartedMain] [org.apache.catalina.core.ContainerBase.[Tomcat].[localhost].[/]] [36mInitializing Spring embedded WebApplicationContext[0;39m
[2024-01-12 09:50:53 [32mINFO [0;39m restartedMain] [org.springframework.boot.web.servlet.context.ServletWebServerApplicationContext] [36mRoot WebApplicationContext: initialization completed in 1085 ms[0;39m
[2024-01-12 09:50:53 [32mINFO [0;39m restartedMain] [com.green.greengram4.common.FirebaseConfiguration] [36mFirebaseApp Initialization Complete !!![0;39m
[2024-01-12 09:50:53 [33mWARN [0;39m restartedMain] [org.springframework.boot.autoconfigure.security.servlet.UserDetailsServiceAutoConfiguration] [36m

Using generated security password: 994e5b4f-5c1d-4639-9465-b3c30d01301a

This generated password is for development use only. Your security configuration must be updated before running your application in production.
[0;39m
[2024-01-12 09:50:53 [32mINFO [0;39m restartedMain] [org.springframework.boot.autoconfigure.web.servlet.WelcomePageHandlerMapping] [36mAdding welcome page: class path resource [static/index.html][0;39m
[2024-01-12 09:50:54 [32mINFO [0;39m restartedMain] [org.springframework.security.web.DefaultSecurityFilterChain] [36mWill secure any request with [org.springframework.security.web.session.DisableEncodeUrlFilter@4ab6adf2, org.springframework.security.web.context.request.async.WebAsyncManagerIntegrationFilter@1e11bf49, org.springframework.security.web.context.SecurityContextHolderFilter@228bc15a, org.springframework.security.web.header.HeaderWriterFilter@a0dbd97, org.springframework.web.filter.CorsFilter@8c498c5, org.springframework.security.web.authentication.logout.LogoutFilter@6275c05b, com.green.greengram4.security.JwtAuthenticationFilter@5aec7fed, org.springframework.security.web.savedrequest.RequestCacheAwareFilter@671bd21b, org.springframework.security.web.servletapi.SecurityContextHolderAwareRequestFilter@52d7d3bc, org.springframework.security.web.authentication.AnonymousAuthenticationFilter@5a3d861b, org.springframework.security.web.session.SessionManagementFilter@47971edf, org.springframework.security.web.access.ExceptionTranslationFilter@2dea6171, org.springframework.security.web.access.intercept.AuthorizationFilter@4e735015][0;39m
[2024-01-12 09:50:54 [32mINFO [0;39m restartedMain] [org.springframework.boot.devtools.autoconfigure.OptionalLiveReloadServer] [36mLiveReload server is running on port 35729[0;39m
[2024-01-12 09:50:54 [32mINFO [0;39m restartedMain] [org.apache.coyote.http11.Http11NioProtocol] [36mStarting ProtocolHandler ["http-nio-8082"][0;39m
[2024-01-12 09:50:54 [32mINFO [0;39m restartedMain] [org.springframework.boot.web.embedded.tomcat.TomcatWebServer] [36mTomcat started on port 8082 (http) with context path ''[0;39m
[2024-01-12 09:50:54 [32mINFO [0;39m restartedMain] [com.green.greengram4.Greengram4Application] [36mStarted Greengram4Application in 2.359 seconds (process running for 2.865)[0;39m
[2024-01-12 09:50:54 [32mINFO [0;39m http-nio-8082-exec-1] [org.apache.catalina.core.ContainerBase.[Tomcat].[localhost].[/]] [36mInitializing Spring DispatcherServlet 'dispatcherServlet'[0;39m
[2024-01-12 09:50:54 [32mINFO [0;39m http-nio-8082-exec-1] [org.springframework.web.servlet.DispatcherServlet] [36mInitializing Servlet 'dispatcherServlet'[0;39m
[2024-01-12 09:50:54 [32mINFO [0;39m http-nio-8082-exec-1] [org.springframework.web.servlet.DispatcherServlet] [36mCompleted initialization in 1 ms[0;39m
[2024-01-12 09:50:54 [32mINFO [0;39m http-nio-8082-exec-1] [com.green.greengram4.security.JwtAuthenticationFilter] [36mJwtAuthentication-Token: null[0;39m
[2024-01-12 09:50:54 [32mINFO [0;39m http-nio-8082-exec-2] [com.green.greengram4.security.JwtAuthenticationFilter] [36mJwtAuthentication-Token: null[0;39m
[2024-01-12 09:50:54 [32mINFO [0;39m http-nio-8082-exec-7] [com.green.greengram4.security.JwtAuthenticationFilter] [36mJwtAuthentication-Token: null[0;39m
[2024-01-12 09:50:54 [32mINFO [0;39m http-nio-8082-exec-4] [com.green.greengram4.security.JwtAuthenticationFilter] [36mJwtAuthentication-Token: null[0;39m
[2024-01-12 09:50:54 [32mINFO [0;39m http-nio-8082-exec-5] [com.green.greengram4.security.JwtAuthenticationFilter] [36mJwtAuthentication-Token: null[0;39m
[2024-01-12 09:50:54 [32mINFO [0;39m http-nio-8082-exec-6] [com.green.greengram4.security.JwtAuthenticationFilter] [36mJwtAuthentication-Token: null[0;39m
[2024-01-12 09:50:55 [32mINFO [0;39m http-nio-8082-exec-3] [com.green.greengram4.security.JwtAuthenticationFilter] [36mJwtAuthentication-Token: null[0;39m
[2024-01-12 09:50:55 [32mINFO [0;39m http-nio-8082-exec-8] [com.green.greengram4.security.JwtAuthenticationFilter] [36mJwtAuthentication-Token: null[0;39m
[2024-01-12 09:50:55 [32mINFO [0;39m http-nio-8082-exec-9] [com.green.greengram4.security.JwtAuthenticationFilter] [36mJwtAuthentication-Token: null[0;39m
[2024-01-12 09:50:55 [32mINFO [0;39m http-nio-8082-exec-9] [org.springdoc.api.AbstractOpenApiResource] [36mInit duration for springdoc-openapi is: 180 ms[0;39m
[2024-01-12 09:54:48 [32mINFO [0;39m http-nio-8082-exec-4] [com.green.greengram4.security.JwtAuthenticationFilter] [36mJwtAuthentication-Token: null[0;39m
[2024-01-12 09:54:48 [32mINFO [0;39m http-nio-8082-exec-4] [com.green.greengram4.user.UserController] [36mdto: UserSigninDto(uid=lee, upw=1212)[0;39m
[2024-01-12 09:54:48 [32mINFO [0;39m http-nio-8082-exec-4] [com.zaxxer.hikari.HikariDataSource] [36mHikariPool-1 - Starting...[0;39m
[2024-01-12 09:54:48 [32mINFO [0;39m http-nio-8082-exec-4] [com.zaxxer.hikari.pool.HikariPool] [36mHikariPool-1 - Added connection org.mariadb.jdbc.Connection@62dc4efb[0;39m
[2024-01-12 09:54:48 [32mINFO [0;39m http-nio-8082-exec-4] [com.zaxxer.hikari.HikariDataSource] [36mHikariPool-1 - Start completed.[0;39m
[2024-01-12 10:34:40 [32mINFO [0;39m SpringApplicationShutdownHook] [com.zaxxer.hikari.HikariDataSource] [36mHikariPool-1 - Shutdown initiated...[0;39m
[2024-01-12 10:34:40 [32mINFO [0;39m SpringApplicationShutdownHook] [com.zaxxer.hikari.HikariDataSource] [36mHikariPool-1 - Shutdown completed.[0;39m
[2024-01-12 10:34:43 [32mINFO [0;39m restartedMain] [com.green.greengram4.Greengram4Application] [36mStarting Greengram4Application using Java 17.0.8.1 with PID 5336 (D:\2023_second\greengram4\build\classes\java\main started by Administrator in D:\2023_second\greengram4)[0;39m
[2024-01-12 10:34:43 [32mINFO [0;39m restartedMain] [com.green.greengram4.Greengram4Application] [36mNo active profile set, falling back to 1 default profile: "default"[0;39m
[2024-01-12 10:34:43 [32mINFO [0;39m restartedMain] [org.springframework.boot.devtools.env.DevToolsPropertyDefaultsPostProcessor] [36mDevtools property defaults active! Set 'spring.devtools.add-properties' to 'false' to disable[0;39m
[2024-01-12 10:34:43 [32mINFO [0;39m restartedMain] [org.springframework.boot.devtools.env.DevToolsPropertyDefaultsPostProcessor] [36mFor additional web related logging consider setting the 'logging.level.web' property to 'DEBUG'[0;39m
[2024-01-12 10:34:44 [32mINFO [0;39m restartedMain] [org.springframework.boot.web.embedded.tomcat.TomcatWebServer] [36mTomcat initialized with port 8082 (http)[0;39m
[2024-01-12 10:34:44 [32mINFO [0;39m restartedMain] [org.apache.coyote.http11.Http11NioProtocol] [36mInitializing ProtocolHandler ["http-nio-8082"][0;39m
[2024-01-12 10:34:44 [32mINFO [0;39m restartedMain] [org.apache.catalina.core.StandardService] [36mStarting service [Tomcat][0;39m
[2024-01-12 10:34:44 [32mINFO [0;39m restartedMain] [org.apache.catalina.core.StandardEngine] [36mStarting Servlet engine: [Apache Tomcat/10.1.17][0;39m
[2024-01-12 10:34:44 [32mINFO [0;39m restartedMain] [org.apache.catalina.core.ContainerBase.[Tomcat].[localhost].[/]] [36mInitializing Spring embedded WebApplicationContext[0;39m
[2024-01-12 10:34:44 [32mINFO [0;39m restartedMain] [org.springframework.boot.web.servlet.context.ServletWebServerApplicationContext] [36mRoot WebApplicationContext: initialization completed in 1021 ms[0;39m
[2024-01-12 10:34:44 [32mINFO [0;39m restartedMain] [com.green.greengram4.common.FirebaseConfiguration] [36mFirebaseApp Initialization Complete !!![0;39m
[2024-01-12 10:34:45 [33mWARN [0;39m restartedMain] [org.springframework.boot.autoconfigure.security.servlet.UserDetailsServiceAutoConfiguration] [36m

Using generated security password: 1b61da13-ac2b-4b9c-9c9d-991f21ba4328

This generated password is for development use only. Your security configuration must be updated before running your application in production.
[0;39m
[2024-01-12 10:34:45 [32mINFO [0;39m restartedMain] [org.springframework.boot.autoconfigure.web.servlet.WelcomePageHandlerMapping] [36mAdding welcome page: class path resource [static/index.html][0;39m
[2024-01-12 10:34:45 [32mINFO [0;39m restartedMain] [org.springframework.security.web.DefaultSecurityFilterChain] [36mWill secure any request with [org.springframework.security.web.session.DisableEncodeUrlFilter@1869b8b8, org.springframework.security.web.context.request.async.WebAsyncManagerIntegrationFilter@7f4ab31f, org.springframework.security.web.context.SecurityContextHolderFilter@4b59d728, org.springframework.security.web.header.HeaderWriterFilter@5d04db18, org.springframework.web.filter.CorsFilter@f26f77a, org.springframework.security.web.authentication.logout.LogoutFilter@3cdbc3f5, com.green.greengram4.security.JwtAuthenticationFilter@1ec7e7af, org.springframework.security.web.savedrequest.RequestCacheAwareFilter@63ca17d8, org.springframework.security.web.servletapi.SecurityContextHolderAwareRequestFilter@1135a6e3, org.springframework.security.web.authentication.AnonymousAuthenticationFilter@13b4a48, org.springframework.security.web.session.SessionManagementFilter@18293454, org.springframework.security.web.access.ExceptionTranslationFilter@5d817359, org.springframework.security.web.access.intercept.AuthorizationFilter@5827fc66][0;39m
[2024-01-12 10:34:45 [32mINFO [0;39m restartedMain] [org.springframework.boot.devtools.autoconfigure.OptionalLiveReloadServer] [36mLiveReload server is running on port 35729[0;39m
[2024-01-12 10:34:45 [32mINFO [0;39m restartedMain] [org.apache.coyote.http11.Http11NioProtocol] [36mStarting ProtocolHandler ["http-nio-8082"][0;39m
[2024-01-12 10:34:45 [32mINFO [0;39m restartedMain] [org.springframework.boot.web.embedded.tomcat.TomcatWebServer] [36mTomcat started on port 8082 (http) with context path ''[0;39m
[2024-01-12 10:34:45 [32mINFO [0;39m restartedMain] [com.green.greengram4.Greengram4Application] [36mStarted Greengram4Application in 2.126 seconds (process running for 2.539)[0;39m
[2024-01-12 10:34:50 [32mINFO [0;39m http-nio-8082-exec-1] [org.apache.catalina.core.ContainerBase.[Tomcat].[localhost].[/]] [36mInitializing Spring DispatcherServlet 'dispatcherServlet'[0;39m
[2024-01-12 10:34:50 [32mINFO [0;39m http-nio-8082-exec-1] [org.springframework.web.servlet.DispatcherServlet] [36mInitializing Servlet 'dispatcherServlet'[0;39m
[2024-01-12 10:34:50 [32mINFO [0;39m http-nio-8082-exec-1] [org.springframework.web.servlet.DispatcherServlet] [36mCompleted initialization in 1 ms[0;39m
[2024-01-12 10:34:50 [32mINFO [0;39m http-nio-8082-exec-1] [com.green.greengram4.security.JwtAuthenticationFilter] [36mJwtAuthentication-Token: null[0;39m
[2024-01-12 10:34:50 [32mINFO [0;39m http-nio-8082-exec-4] [com.green.greengram4.security.JwtAuthenticationFilter] [36mJwtAuthentication-Token: null[0;39m
[2024-01-12 10:34:50 [32mINFO [0;39m http-nio-8082-exec-6] [com.green.greengram4.security.JwtAuthenticationFilter] [36mJwtAuthentication-Token: null[0;39m
[2024-01-12 10:34:50 [32mINFO [0;39m http-nio-8082-exec-2] [com.green.greengram4.security.JwtAuthenticationFilter] [36mJwtAuthentication-Token: null[0;39m
[2024-01-12 10:34:50 [32mINFO [0;39m http-nio-8082-exec-5] [com.green.greengram4.security.JwtAuthenticationFilter] [36mJwtAuthentication-Token: null[0;39m
[2024-01-12 10:34:50 [32mINFO [0;39m http-nio-8082-exec-3] [com.green.greengram4.security.JwtAuthenticationFilter] [36mJwtAuthentication-Token: null[0;39m
[2024-01-12 10:34:50 [32mINFO [0;39m http-nio-8082-exec-8] [com.green.greengram4.security.JwtAuthenticationFilter] [36mJwtAuthentication-Token: null[0;39m
[2024-01-12 10:34:50 [32mINFO [0;39m http-nio-8082-exec-7] [com.green.greengram4.security.JwtAuthenticationFilter] [36mJwtAuthentication-Token: null[0;39m
[2024-01-12 10:34:50 [32mINFO [0;39m http-nio-8082-exec-9] [com.green.greengram4.security.JwtAuthenticationFilter] [36mJwtAuthentication-Token: null[0;39m
[2024-01-12 10:34:50 [32mINFO [0;39m http-nio-8082-exec-9] [org.springdoc.api.AbstractOpenApiResource] [36mInit duration for springdoc-openapi is: 176 ms[0;39m
[2024-01-12 10:37:50 [32mINFO [0;39m http-nio-8082-exec-3] [com.green.greengram4.security.JwtAuthenticationFilter] [36mJwtAuthentication-Token: null[0;39m
[2024-01-12 10:37:50 [32mINFO [0;39m http-nio-8082-exec-2] [com.green.greengram4.security.JwtAuthenticationFilter] [36mJwtAuthentication-Token: null[0;39m
[2024-01-12 10:37:50 [32mINFO [0;39m http-nio-8082-exec-8] [com.green.greengram4.security.JwtAuthenticationFilter] [36mJwtAuthentication-Token: null[0;39m
[2024-01-12 10:37:50 [32mINFO [0;39m http-nio-8082-exec-7] [com.green.greengram4.security.JwtAuthenticationFilter] [36mJwtAuthentication-Token: null[0;39m
[2024-01-12 10:37:50 [32mINFO [0;39m http-nio-8082-exec-9] [com.green.greengram4.security.JwtAuthenticationFilter] [36mJwtAuthentication-Token: null[0;39m
[2024-01-12 10:47:08 [32mINFO [0;39m restartedMain] [com.green.greengram4.Greengram4Application] [36mStarting Greengram4Application using Java 17.0.8.1 with PID 8968 (D:\2023_second\greengram4\build\classes\java\main started by Administrator in D:\2023_second\greengram4)[0;39m
[2024-01-12 10:47:08 [32mINFO [0;39m restartedMain] [com.green.greengram4.Greengram4Application] [36mNo active profile set, falling back to 1 default profile: "default"[0;39m
[2024-01-12 10:47:08 [32mINFO [0;39m restartedMain] [org.springframework.boot.devtools.env.DevToolsPropertyDefaultsPostProcessor] [36mDevtools property defaults active! Set 'spring.devtools.add-properties' to 'false' to disable[0;39m
[2024-01-12 10:47:08 [32mINFO [0;39m restartedMain] [org.springframework.boot.devtools.env.DevToolsPropertyDefaultsPostProcessor] [36mFor additional web related logging consider setting the 'logging.level.web' property to 'DEBUG'[0;39m
[2024-01-12 10:47:09 [32mINFO [0;39m restartedMain] [org.springframework.boot.web.embedded.tomcat.TomcatWebServer] [36mTomcat initialized with port 8082 (http)[0;39m
[2024-01-12 10:47:09 [32mINFO [0;39m restartedMain] [org.apache.coyote.http11.Http11NioProtocol] [36mInitializing ProtocolHandler ["http-nio-8082"][0;39m
[2024-01-12 10:47:09 [32mINFO [0;39m restartedMain] [org.apache.catalina.core.StandardService] [36mStarting service [Tomcat][0;39m
[2024-01-12 10:47:09 [32mINFO [0;39m restartedMain] [org.apache.catalina.core.StandardEngine] [36mStarting Servlet engine: [Apache Tomcat/10.1.17][0;39m
[2024-01-12 10:47:09 [32mINFO [0;39m restartedMain] [org.apache.catalina.core.ContainerBase.[Tomcat].[localhost].[/]] [36mInitializing Spring embedded WebApplicationContext[0;39m
[2024-01-12 10:47:09 [32mINFO [0;39m restartedMain] [org.springframework.boot.web.servlet.context.ServletWebServerApplicationContext] [36mRoot WebApplicationContext: initialization completed in 990 ms[0;39m
[2024-01-12 10:47:09 [32mINFO [0;39m restartedMain] [com.green.greengram4.common.FirebaseConfiguration] [36mFirebaseApp Initialization Complete !!![0;39m
[2024-01-12 10:47:10 [33mWARN [0;39m restartedMain] [org.springframework.boot.autoconfigure.security.servlet.UserDetailsServiceAutoConfiguration] [36m

Using generated security password: 6c91d055-ee1f-4c9e-b97e-40e7ab9830a8

This generated password is for development use only. Your security configuration must be updated before running your application in production.
[0;39m
[2024-01-12 10:47:10 [32mINFO [0;39m restartedMain] [org.springframework.boot.autoconfigure.web.servlet.WelcomePageHandlerMapping] [36mAdding welcome page: class path resource [static/index.html][0;39m
[2024-01-12 10:47:10 [32mINFO [0;39m restartedMain] [org.springframework.security.web.DefaultSecurityFilterChain] [36mWill secure any request with [org.springframework.security.web.session.DisableEncodeUrlFilter@39b45b1e, org.springframework.security.web.context.request.async.WebAsyncManagerIntegrationFilter@265223e9, org.springframework.security.web.context.SecurityContextHolderFilter@72af558e, org.springframework.security.web.header.HeaderWriterFilter@64d07daa, org.springframework.web.filter.CorsFilter@27cfaa0a, org.springframework.security.web.authentication.logout.LogoutFilter@4faac82f, com.green.greengram4.security.JwtAuthenticationFilter@66bc540c, org.springframework.security.web.savedrequest.RequestCacheAwareFilter@18d9df24, org.springframework.security.web.servletapi.SecurityContextHolderAwareRequestFilter@d151398, org.springframework.security.web.authentication.AnonymousAuthenticationFilter@34d9857, org.springframework.security.web.session.SessionManagementFilter@1df14fb4, org.springframework.security.web.access.ExceptionTranslationFilter@1c3e39c9, org.springframework.security.web.access.intercept.AuthorizationFilter@420bbe47][0;39m
[2024-01-12 10:47:10 [32mINFO [0;39m restartedMain] [org.springframework.boot.devtools.autoconfigure.OptionalLiveReloadServer] [36mLiveReload server is running on port 35729[0;39m
[2024-01-12 10:47:10 [32mINFO [0;39m restartedMain] [org.apache.coyote.http11.Http11NioProtocol] [36mStarting ProtocolHandler ["http-nio-8082"][0;39m
[2024-01-12 10:47:10 [32mINFO [0;39m restartedMain] [org.springframework.boot.web.embedded.tomcat.TomcatWebServer] [36mTomcat started on port 8082 (http) with context path ''[0;39m
[2024-01-12 10:47:10 [32mINFO [0;39m restartedMain] [com.green.greengram4.Greengram4Application] [36mStarted Greengram4Application in 2.401 seconds (process running for 3.124)[0;39m
[2024-01-12 10:47:11 [32mINFO [0;39m http-nio-8082-exec-1] [org.apache.catalina.core.ContainerBase.[Tomcat].[localhost].[/]] [36mInitializing Spring DispatcherServlet 'dispatcherServlet'[0;39m
[2024-01-12 10:47:11 [32mINFO [0;39m http-nio-8082-exec-1] [org.springframework.web.servlet.DispatcherServlet] [36mInitializing Servlet 'dispatcherServlet'[0;39m
[2024-01-12 10:47:11 [32mINFO [0;39m http-nio-8082-exec-1] [org.springframework.web.servlet.DispatcherServlet] [36mCompleted initialization in 1 ms[0;39m
[2024-01-12 10:47:11 [32mINFO [0;39m http-nio-8082-exec-1] [com.green.greengram4.security.JwtAuthenticationFilter] [36mJwtAuthentication-Token: eyJhbGciOiJIUzI1NiJ9.eyJ1c2VyIjoie1wiaXVzZXJcIjo0fSIsImlhdCI6MTcwNTAyMDg4OCwiZXhwIjoxNzA1MTQ5ODg4fQ.xedkhqyPFqX0d2eaCpzwGSpQTNrNwhVFWusUsvL_1aM[0;39m
[2024-01-12 10:47:11 [32mINFO [0;39m http-nio-8082-exec-1] [com.green.greengram4.feed.FeedController] [36mpics : 2[0;39m
[2024-01-12 10:51:06 [32mINFO [0;39m http-nio-8082-exec-1] [com.green.greengram4.feed.FeedController] [36mdto : FeedInsDto(ifeed=0, iuser=0, contents=gkdl, location=장소)[0;39m
[2024-01-12 10:51:06 [32mINFO [0;39m http-nio-8082-exec-1] [com.zaxxer.hikari.HikariDataSource] [36mHikariPool-1 - Starting...[0;39m
[2024-01-12 10:51:06 [32mINFO [0;39m http-nio-8082-exec-1] [com.zaxxer.hikari.pool.HikariPool] [36mHikariPool-1 - Added connection org.mariadb.jdbc.Connection@417ef817[0;39m
[2024-01-12 10:51:06 [32mINFO [0;39m http-nio-8082-exec-1] [com.zaxxer.hikari.HikariDataSource] [36mHikariPool-1 - Start completed.[0;39m
[2024-01-12 10:51:06 [32mINFO [0;39m SpringApplicationShutdownHook] [com.zaxxer.hikari.HikariDataSource] [36mHikariPool-1 - Shutdown initiated...[0;39m
[2024-01-12 10:51:06 [32mINFO [0;39m SpringApplicationShutdownHook] [com.zaxxer.hikari.HikariDataSource] [36mHikariPool-1 - Shutdown completed.[0;39m
[2024-01-12 10:51:08 [32mINFO [0;39m restartedMain] [com.green.greengram4.Greengram4Application] [36mStarting Greengram4Application using Java 17.0.8.1 with PID 5264 (D:\2023_second\greengram4\build\classes\java\main started by Administrator in D:\2023_second\greengram4)[0;39m
[2024-01-12 10:51:08 [32mINFO [0;39m restartedMain] [com.green.greengram4.Greengram4Application] [36mNo active profile set, falling back to 1 default profile: "default"[0;39m
[2024-01-12 10:51:09 [32mINFO [0;39m restartedMain] [org.springframework.boot.devtools.env.DevToolsPropertyDefaultsPostProcessor] [36mDevtools property defaults active! Set 'spring.devtools.add-properties' to 'false' to disable[0;39m
[2024-01-12 10:51:09 [32mINFO [0;39m restartedMain] [org.springframework.boot.devtools.env.DevToolsPropertyDefaultsPostProcessor] [36mFor additional web related logging consider setting the 'logging.level.web' property to 'DEBUG'[0;39m
[2024-01-12 10:51:09 [32mINFO [0;39m restartedMain] [org.springframework.boot.web.embedded.tomcat.TomcatWebServer] [36mTomcat initialized with port 8082 (http)[0;39m
[2024-01-12 10:51:09 [32mINFO [0;39m restartedMain] [org.apache.coyote.http11.Http11NioProtocol] [36mInitializing ProtocolHandler ["http-nio-8082"][0;39m
[2024-01-12 10:51:09 [32mINFO [0;39m restartedMain] [org.apache.catalina.core.StandardService] [36mStarting service [Tomcat][0;39m
[2024-01-12 10:51:09 [32mINFO [0;39m restartedMain] [org.apache.catalina.core.StandardEngine] [36mStarting Servlet engine: [Apache Tomcat/10.1.17][0;39m
[2024-01-12 10:51:09 [32mINFO [0;39m restartedMain] [org.apache.catalina.core.ContainerBase.[Tomcat].[localhost].[/]] [36mInitializing Spring embedded WebApplicationContext[0;39m
[2024-01-12 10:51:09 [32mINFO [0;39m restartedMain] [org.springframework.boot.web.servlet.context.ServletWebServerApplicationContext] [36mRoot WebApplicationContext: initialization completed in 941 ms[0;39m
[2024-01-12 10:51:10 [32mINFO [0;39m restartedMain] [com.green.greengram4.common.FirebaseConfiguration] [36mFirebaseApp Initialization Complete !!![0;39m
[2024-01-12 10:51:10 [33mWARN [0;39m restartedMain] [org.springframework.boot.autoconfigure.security.servlet.UserDetailsServiceAutoConfiguration] [36m

Using generated security password: 845bb407-f041-480c-b216-c8740800919d

This generated password is for development use only. Your security configuration must be updated before running your application in production.
[0;39m
[2024-01-12 10:51:10 [32mINFO [0;39m restartedMain] [org.springframework.boot.autoconfigure.web.servlet.WelcomePageHandlerMapping] [36mAdding welcome page: class path resource [static/index.html][0;39m
[2024-01-12 10:51:10 [32mINFO [0;39m restartedMain] [org.springframework.security.web.DefaultSecurityFilterChain] [36mWill secure any request with [org.springframework.security.web.session.DisableEncodeUrlFilter@5006dbb1, org.springframework.security.web.context.request.async.WebAsyncManagerIntegrationFilter@6c26fbb7, org.springframework.security.web.context.SecurityContextHolderFilter@701736e5, org.springframework.security.web.header.HeaderWriterFilter@9d85212, org.springframework.web.filter.CorsFilter@18f5a947, org.springframework.security.web.authentication.logout.LogoutFilter@659e75aa, com.green.greengram4.security.JwtAuthenticationFilter@1bd5bf8d, org.springframework.security.web.savedrequest.RequestCacheAwareFilter@7f748dd, org.springframework.security.web.servletapi.SecurityContextHolderAwareRequestFilter@4e706588, org.springframework.security.web.authentication.AnonymousAuthenticationFilter@55bfdffe, org.springframework.security.web.session.SessionManagementFilter@138dd8b5, org.springframework.security.web.access.ExceptionTranslationFilter@79bd8a93, org.springframework.security.web.access.intercept.AuthorizationFilter@51adb630][0;39m
[2024-01-12 10:51:10 [32mINFO [0;39m restartedMain] [org.springframework.boot.devtools.autoconfigure.OptionalLiveReloadServer] [36mLiveReload server is running on port 35729[0;39m
[2024-01-12 10:51:10 [32mINFO [0;39m restartedMain] [org.apache.coyote.http11.Http11NioProtocol] [36mStarting ProtocolHandler ["http-nio-8082"][0;39m
[2024-01-12 10:51:10 [32mINFO [0;39m restartedMain] [org.springframework.boot.web.embedded.tomcat.TomcatWebServer] [36mTomcat started on port 8082 (http) with context path ''[0;39m
[2024-01-12 10:51:10 [32mINFO [0;39m restartedMain] [com.green.greengram4.Greengram4Application] [36mStarted Greengram4Application in 2.034 seconds (process running for 2.431)[0;39m
[2024-01-12 10:51:13 [32mINFO [0;39m http-nio-8082-exec-1] [org.apache.catalina.core.ContainerBase.[Tomcat].[localhost].[/]] [36mInitializing Spring DispatcherServlet 'dispatcherServlet'[0;39m
[2024-01-12 10:51:13 [32mINFO [0;39m http-nio-8082-exec-1] [org.springframework.web.servlet.DispatcherServlet] [36mInitializing Servlet 'dispatcherServlet'[0;39m
[2024-01-12 10:51:13 [32mINFO [0;39m http-nio-8082-exec-1] [org.springframework.web.servlet.DispatcherServlet] [36mCompleted initialization in 0 ms[0;39m
[2024-01-12 10:51:13 [32mINFO [0;39m http-nio-8082-exec-1] [com.green.greengram4.security.JwtAuthenticationFilter] [36mJwtAuthentication-Token: eyJhbGciOiJIUzI1NiJ9.eyJ1c2VyIjoie1wiaXVzZXJcIjo0fSIsImlhdCI6MTcwNTAyMDg4OCwiZXhwIjoxNzA1MTQ5ODg4fQ.xedkhqyPFqX0d2eaCpzwGSpQTNrNwhVFWusUsvL_1aM[0;39m
[2024-01-12 10:51:13 [32mINFO [0;39m http-nio-8082-exec-1] [com.green.greengram4.feed.FeedController] [36mpics : 2[0;39m
[2024-01-12 10:51:13 [32mINFO [0;39m http-nio-8082-exec-1] [com.green.greengram4.feed.FeedController] [36mdto : FeedInsDto(ifeed=0, iuser=0, contents=gkdl, location=장소)[0;39m
[2024-01-12 10:51:13 [32mINFO [0;39m http-nio-8082-exec-1] [com.zaxxer.hikari.HikariDataSource] [36mHikariPool-1 - Starting...[0;39m
[2024-01-12 10:51:14 [32mINFO [0;39m http-nio-8082-exec-1] [com.zaxxer.hikari.pool.HikariPool] [36mHikariPool-1 - Added connection org.mariadb.jdbc.Connection@22832977[0;39m
[2024-01-12 10:51:14 [32mINFO [0;39m http-nio-8082-exec-1] [com.zaxxer.hikari.HikariDataSource] [36mHikariPool-1 - Start completed.[0;39m
[2024-01-12 10:51:14 [31mERROR[0;39m http-nio-8082-exec-1] [org.apache.catalina.core.ContainerBase.[Tomcat].[localhost].[/].[dispatcherServlet]] [36mServlet.service() for servlet [dispatcherServlet] in context with path [] threw exception [Request processing failed: org.mybatis.spring.MyBatisSystemException] with root cause[0;39m
org.apache.ibatis.reflection.ReflectionException: There is no getter for property named 'pics' in 'class com.green.greengram4.feed.model.FeedInsDto'
	at org.apache.ibatis.reflection.Reflector.getGetInvoker(Reflector.java:385)
	at org.apache.ibatis.reflection.MetaClass.getGetInvoker(MetaClass.java:160)
	at org.apache.ibatis.reflection.wrapper.BeanWrapper.getBeanProperty(BeanWrapper.java:153)
	at org.apache.ibatis.reflection.wrapper.BeanWrapper.get(BeanWrapper.java:49)
	at org.apache.ibatis.reflection.MetaObject.getValue(MetaObject.java:116)
	at org.apache.ibatis.scripting.xmltags.DynamicContext$ContextMap.get(DynamicContext.java:102)
	at org.apache.ibatis.scripting.xmltags.DynamicContext$ContextAccessor.getProperty(DynamicContext.java:112)
	at org.apache.ibatis.ognl.OgnlRuntime.getProperty(OgnlRuntime.java:3344)
	at org.apache.ibatis.ognl.ASTProperty.getValueBody(ASTProperty.java:121)
	at org.apache.ibatis.ognl.SimpleNode.evaluateGetValueBody(SimpleNode.java:212)
	at org.apache.ibatis.ognl.SimpleNode.getValue(SimpleNode.java:258)
	at org.apache.ibatis.ognl.Ognl.getValue(Ognl.java:586)
	at org.apache.ibatis.ognl.Ognl.getValue(Ognl.java:550)
	at org.apache.ibatis.scripting.xmltags.OgnlCache.getValue(OgnlCache.java:46)
	at org.apache.ibatis.scripting.xmltags.ExpressionEvaluator.evaluateIterable(ExpressionEvaluator.java:54)
	at org.apache.ibatis.scripting.xmltags.ForEachSqlNode.apply(ForEachSqlNode.java:71)
	at org.apache.ibatis.scripting.xmltags.MixedSqlNode.lambda$apply$0(MixedSqlNode.java:32)
	at java.base/java.util.ArrayList.forEach(ArrayList.java:1511)
	at org.apache.ibatis.scripting.xmltags.MixedSqlNode.apply(MixedSqlNode.java:32)
	at org.apache.ibatis.scripting.xmltags.DynamicSqlSource.getBoundSql(DynamicSqlSource.java:39)
	at org.apache.ibatis.mapping.MappedStatement.getBoundSql(MappedStatement.java:320)
	at org.apache.ibatis.executor.statement.BaseStatementHandler.<init>(BaseStatementHandler.java:65)
	at org.apache.ibatis.executor.statement.PreparedStatementHandler.<init>(PreparedStatementHandler.java:42)
	at org.apache.ibatis.executor.statement.RoutingStatementHandler.<init>(RoutingStatementHandler.java:47)
	at org.apache.ibatis.session.Configuration.newStatementHandler(Configuration.java:714)
	at org.apache.ibatis.executor.SimpleExecutor.doUpdate(SimpleExecutor.java:48)
	at org.apache.ibatis.executor.BaseExecutor.update(BaseExecutor.java:117)
	at org.apache.ibatis.executor.CachingExecutor.update(CachingExecutor.java:76)
	at org.apache.ibatis.session.defaults.DefaultSqlSession.update(DefaultSqlSession.java:197)
	at org.apache.ibatis.session.defaults.DefaultSqlSession.insert(DefaultSqlSession.java:184)
	at java.base/jdk.internal.reflect.NativeMethodAccessorImpl.invoke0(Native Method)
	at java.base/jdk.internal.reflect.NativeMethodAccessorImpl.invoke(NativeMethodAccessorImpl.java:77)
	at java.base/jdk.internal.reflect.DelegatingMethodAccessorImpl.invoke(DelegatingMethodAccessorImpl.java:43)
	at java.base/java.lang.reflect.Method.invoke(Method.java:568)
	at org.mybatis.spring.SqlSessionTemplate$SqlSessionInterceptor.invoke(SqlSessionTemplate.java:425)
	at jdk.proxy2/jdk.proxy2.$Proxy91.insert(Unknown Source)
	at org.mybatis.spring.SqlSessionTemplate.insert(SqlSessionTemplate.java:272)
	at org.apache.ibatis.binding.MapperMethod.execute(MapperMethod.java:62)
	at org.apache.ibatis.binding.MapperProxy$PlainMethodInvoker.invoke(MapperProxy.java:141)
	at org.apache.ibatis.binding.MapperProxy.invoke(MapperProxy.java:86)
	at jdk.proxy3/jdk.proxy3.$Proxy96.insFeedPics(Unknown Source)
	at com.green.greengram4.feed.FeedService.postFeed(FeedService.java:27)
	at com.green.greengram4.feed.FeedController.postFeed(FeedController.java:24)
	at java.base/jdk.internal.reflect.NativeMethodAccessorImpl.invoke0(Native Method)
	at java.base/jdk.internal.reflect.NativeMethodAccessorImpl.invoke(NativeMethodAccessorImpl.java:77)
	at java.base/jdk.internal.reflect.DelegatingMethodAccessorImpl.invoke(DelegatingMethodAccessorImpl.java:43)
	at java.base/java.lang.reflect.Method.invoke(Method.java:568)
	at org.springframework.web.method.support.InvocableHandlerMethod.doInvoke(InvocableHandlerMethod.java:262)
	at org.springframework.web.method.support.InvocableHandlerMethod.invokeForRequest(InvocableHandlerMethod.java:190)
	at org.springframework.web.servlet.mvc.method.annotation.ServletInvocableHandlerMethod.invokeAndHandle(ServletInvocableHandlerMethod.java:118)
	at org.springframework.web.servlet.mvc.method.annotation.RequestMappingHandlerAdapter.invokeHandlerMethod(RequestMappingHandlerAdapter.java:917)
	at org.springframework.web.servlet.mvc.method.annotation.RequestMappingHandlerAdapter.handleInternal(RequestMappingHandlerAdapter.java:829)
	at org.springframework.web.servlet.mvc.method.AbstractHandlerMethodAdapter.handle(AbstractHandlerMethodAdapter.java:87)
	at org.springframework.web.servlet.DispatcherServlet.doDispatch(DispatcherServlet.java:1089)
	at org.springframework.web.servlet.DispatcherServlet.doService(DispatcherServlet.java:979)
	at org.springframework.web.servlet.FrameworkServlet.processRequest(FrameworkServlet.java:1014)
	at org.springframework.web.servlet.FrameworkServlet.doPost(FrameworkServlet.java:914)
	at jakarta.servlet.http.HttpServlet.service(HttpServlet.java:590)
	at org.springframework.web.servlet.FrameworkServlet.service(FrameworkServlet.java:885)
	at jakarta.servlet.http.HttpServlet.service(HttpServlet.java:658)
	at org.apache.catalina.core.ApplicationFilterChain.internalDoFilter(ApplicationFilterChain.java:205)
	at org.apache.catalina.core.ApplicationFilterChain.doFilter(ApplicationFilterChain.java:149)
	at org.apache.tomcat.websocket.server.WsFilter.doFilter(WsFilter.java:51)
	at org.apache.catalina.core.ApplicationFilterChain.internalDoFilter(ApplicationFilterChain.java:174)
	at org.apache.catalina.core.ApplicationFilterChain.doFilter(ApplicationFilterChain.java:149)
	at org.springframework.web.filter.OncePerRequestFilter.doFilter(OncePerRequestFilter.java:110)
	at org.apache.catalina.core.ApplicationFilterChain.internalDoFilter(ApplicationFilterChain.java:174)
	at org.apache.catalina.core.ApplicationFilterChain.doFilter(ApplicationFilterChain.java:149)
	at org.springframework.web.filter.CompositeFilter$VirtualFilterChain.doFilter(CompositeFilter.java:108)
	at org.springframework.security.web.FilterChainProxy.lambda$doFilterInternal$3(FilterChainProxy.java:231)
	at org.springframework.security.web.FilterChainProxy$VirtualFilterChain.doFilter(FilterChainProxy.java:365)
	at org.springframework.security.web.access.intercept.AuthorizationFilter.doFilter(AuthorizationFilter.java:100)
	at org.springframework.security.web.FilterChainProxy$VirtualFilterChain.doFilter(FilterChainProxy.java:374)
	at org.springframework.security.web.access.ExceptionTranslationFilter.doFilter(ExceptionTranslationFilter.java:126)
	at org.springframework.security.web.access.ExceptionTranslationFilter.doFilter(ExceptionTranslationFilter.java:120)
	at org.springframework.security.web.FilterChainProxy$VirtualFilterChain.doFilter(FilterChainProxy.java:374)
	at org.springframework.security.web.session.SessionManagementFilter.doFilter(SessionManagementFilter.java:131)
	at org.springframework.security.web.session.SessionManagementFilter.doFilter(SessionManagementFilter.java:85)
	at org.springframework.security.web.FilterChainProxy$VirtualFilterChain.doFilter(FilterChainProxy.java:374)
	at org.springframework.security.web.authentication.AnonymousAuthenticationFilter.doFilter(AnonymousAuthenticationFilter.java:100)
	at org.springframework.security.web.FilterChainProxy$VirtualFilterChain.doFilter(FilterChainProxy.java:374)
	at org.springframework.security.web.servletapi.SecurityContextHolderAwareRequestFilter.doFilter(SecurityContextHolderAwareRequestFilter.java:179)
	at org.springframework.security.web.FilterChainProxy$VirtualFilterChain.doFilter(FilterChainProxy.java:374)
	at org.springframework.security.web.savedrequest.RequestCacheAwareFilter.doFilter(RequestCacheAwareFilter.java:63)
	at org.springframework.security.web.FilterChainProxy$VirtualFilterChain.doFilter(FilterChainProxy.java:374)
	at com.green.greengram4.security.JwtAuthenticationFilter.doFilterInternal(JwtAuthenticationFilter.java:44)
	at org.springframework.web.filter.OncePerRequestFilter.doFilter(OncePerRequestFilter.java:116)
	at org.springframework.security.web.FilterChainProxy$VirtualFilterChain.doFilter(FilterChainProxy.java:374)
	at org.springframework.security.web.authentication.logout.LogoutFilter.doFilter(LogoutFilter.java:107)
	at org.springframework.security.web.authentication.logout.LogoutFilter.doFilter(LogoutFilter.java:93)
	at org.springframework.security.web.FilterChainProxy$VirtualFilterChain.doFilter(FilterChainProxy.java:374)
	at org.springframework.web.filter.CorsFilter.doFilterInternal(CorsFilter.java:91)
	at org.springframework.web.filter.OncePerRequestFilter.doFilter(OncePerRequestFilter.java:116)
	at org.springframework.security.web.FilterChainProxy$VirtualFilterChain.doFilter(FilterChainProxy.java:374)
	at org.springframework.security.web.header.HeaderWriterFilter.doHeadersAfter(HeaderWriterFilter.java:90)
	at org.springframework.security.web.header.HeaderWriterFilter.doFilterInternal(HeaderWriterFilter.java:75)
	at org.springframework.web.filter.OncePerRequestFilter.doFilter(OncePerRequestFilter.java:116)
	at org.springframework.security.web.FilterChainProxy$VirtualFilterChain.doFilter(FilterChainProxy.java:374)
	at org.springframework.security.web.context.SecurityContextHolderFilter.doFilter(SecurityContextHolderFilter.java:82)
	at org.springframework.security.web.context.SecurityContextHolderFilter.doFilter(SecurityContextHolderFilter.java:69)
	at org.springframework.security.web.FilterChainProxy$VirtualFilterChain.doFilter(FilterChainProxy.java:374)
	at org.springframework.security.web.context.request.async.WebAsyncManagerIntegrationFilter.doFilterInternal(WebAsyncManagerIntegrationFilter.java:62)
	at org.springframework.web.filter.OncePerRequestFilter.doFilter(OncePerRequestFilter.java:116)
	at org.springframework.security.web.FilterChainProxy$VirtualFilterChain.doFilter(FilterChainProxy.java:374)
	at org.springframework.security.web.session.DisableEncodeUrlFilter.doFilterInternal(DisableEncodeUrlFilter.java:42)
	at org.springframework.web.filter.OncePerRequestFilter.doFilter(OncePerRequestFilter.java:116)
	at org.springframework.security.web.FilterChainProxy$VirtualFilterChain.doFilter(FilterChainProxy.java:374)
	at org.springframework.security.web.FilterChainProxy.doFilterInternal(FilterChainProxy.java:233)
	at org.springframework.security.web.FilterChainProxy.doFilter(FilterChainProxy.java:191)
	at org.springframework.web.filter.CompositeFilter$VirtualFilterChain.doFilter(CompositeFilter.java:113)
	at org.springframework.web.servlet.handler.HandlerMappingIntrospector.lambda$createCacheFilter$3(HandlerMappingIntrospector.java:195)
	at org.springframework.web.filter.CompositeFilter$VirtualFilterChain.doFilter(CompositeFilter.java:113)
	at org.springframework.web.filter.CompositeFilter.doFilter(CompositeFilter.java:74)
	at org.springframework.security.config.annotation.web.configuration.WebMvcSecurityConfiguration$CompositeFilterChainProxy.doFilter(WebMvcSecurityConfiguration.java:225)
	at org.springframework.web.filter.DelegatingFilterProxy.invokeDelegate(DelegatingFilterProxy.java:352)
	at org.springframework.web.filter.DelegatingFilterProxy.doFilter(DelegatingFilterProxy.java:268)
	at org.apache.catalina.core.ApplicationFilterChain.internalDoFilter(ApplicationFilterChain.java:174)
	at org.apache.catalina.core.ApplicationFilterChain.doFilter(ApplicationFilterChain.java:149)
	at org.springframework.web.filter.RequestContextFilter.doFilterInternal(RequestContextFilter.java:100)
	at org.springframework.web.filter.OncePerRequestFilter.doFilter(OncePerRequestFilter.java:116)
	at org.apache.catalina.core.ApplicationFilterChain.internalDoFilter(ApplicationFilterChain.java:174)
	at org.apache.catalina.core.ApplicationFilterChain.doFilter(ApplicationFilterChain.java:149)
	at org.springframework.web.filter.FormContentFilter.doFilterInternal(FormContentFilter.java:93)
	at org.springframework.web.filter.OncePerRequestFilter.doFilter(OncePerRequestFilter.java:116)
	at org.apache.catalina.core.ApplicationFilterChain.internalDoFilter(ApplicationFilterChain.java:174)
	at org.apache.catalina.core.ApplicationFilterChain.doFilter(ApplicationFilterChain.java:149)
	at org.springframework.web.filter.CharacterEncodingFilter.doFilterInternal(CharacterEncodingFilter.java:201)
	at org.springframework.web.filter.OncePerRequestFilter.doFilter(OncePerRequestFilter.java:116)
	at org.apache.catalina.core.ApplicationFilterChain.internalDoFilter(ApplicationFilterChain.java:174)
	at org.apache.catalina.core.ApplicationFilterChain.doFilter(ApplicationFilterChain.java:149)
	at org.apache.catalina.core.StandardWrapperValve.invoke(StandardWrapperValve.java:167)
	at org.apache.catalina.core.StandardContextValve.invoke(StandardContextValve.java:90)
	at org.apache.catalina.authenticator.AuthenticatorBase.invoke(AuthenticatorBase.java:482)
	at org.apache.catalina.core.StandardHostValve.invoke(StandardHostValve.java:115)
	at org.apache.catalina.valves.ErrorReportValve.invoke(ErrorReportValve.java:93)
	at org.apache.catalina.core.StandardEngineValve.invoke(StandardEngineValve.java:74)
	at org.apache.catalina.connector.CoyoteAdapter.service(CoyoteAdapter.java:340)
	at org.apache.coyote.http11.Http11Processor.service(Http11Processor.java:391)
	at org.apache.coyote.AbstractProcessorLight.process(AbstractProcessorLight.java:63)
	at org.apache.coyote.AbstractProtocol$ConnectionHandler.process(AbstractProtocol.java:896)
	at org.apache.tomcat.util.net.NioEndpoint$SocketProcessor.doRun(NioEndpoint.java:1744)
	at org.apache.tomcat.util.net.SocketProcessorBase.run(SocketProcessorBase.java:52)
	at org.apache.tomcat.util.threads.ThreadPoolExecutor.runWorker(ThreadPoolExecutor.java:1191)
	at org.apache.tomcat.util.threads.ThreadPoolExecutor$Worker.run(ThreadPoolExecutor.java:659)
	at org.apache.tomcat.util.threads.TaskThread$WrappingRunnable.run(TaskThread.java:61)
	at java.base/java.lang.Thread.run(Thread.java:833)
[2024-01-12 10:51:22 [32mINFO [0;39m SpringApplicationShutdownHook] [com.zaxxer.hikari.HikariDataSource] [36mHikariPool-1 - Shutdown initiated...[0;39m
[2024-01-12 10:51:22 [32mINFO [0;39m SpringApplicationShutdownHook] [com.zaxxer.hikari.HikariDataSource] [36mHikariPool-1 - Shutdown completed.[0;39m
[2024-01-12 10:51:24 [32mINFO [0;39m restartedMain] [com.green.greengram4.Greengram4Application] [36mStarting Greengram4Application using Java 17.0.8.1 with PID 7156 (D:\2023_second\greengram4\build\classes\java\main started by Administrator in D:\2023_second\greengram4)[0;39m
[2024-01-12 10:51:24 [32mINFO [0;39m restartedMain] [com.green.greengram4.Greengram4Application] [36mNo active profile set, falling back to 1 default profile: "default"[0;39m
[2024-01-12 10:51:24 [32mINFO [0;39m restartedMain] [org.springframework.boot.devtools.env.DevToolsPropertyDefaultsPostProcessor] [36mDevtools property defaults active! Set 'spring.devtools.add-properties' to 'false' to disable[0;39m
[2024-01-12 10:51:24 [32mINFO [0;39m restartedMain] [org.springframework.boot.devtools.env.DevToolsPropertyDefaultsPostProcessor] [36mFor additional web related logging consider setting the 'logging.level.web' property to 'DEBUG'[0;39m
[2024-01-12 10:51:25 [32mINFO [0;39m restartedMain] [org.springframework.boot.web.embedded.tomcat.TomcatWebServer] [36mTomcat initialized with port 8082 (http)[0;39m
[2024-01-12 10:51:25 [32mINFO [0;39m restartedMain] [org.apache.coyote.http11.Http11NioProtocol] [36mInitializing ProtocolHandler ["http-nio-8082"][0;39m
[2024-01-12 10:51:25 [32mINFO [0;39m restartedMain] [org.apache.catalina.core.StandardService] [36mStarting service [Tomcat][0;39m
[2024-01-12 10:51:25 [32mINFO [0;39m restartedMain] [org.apache.catalina.core.StandardEngine] [36mStarting Servlet engine: [Apache Tomcat/10.1.17][0;39m
[2024-01-12 10:51:25 [32mINFO [0;39m restartedMain] [org.apache.catalina.core.ContainerBase.[Tomcat].[localhost].[/]] [36mInitializing Spring embedded WebApplicationContext[0;39m
[2024-01-12 10:51:25 [32mINFO [0;39m restartedMain] [org.springframework.boot.web.servlet.context.ServletWebServerApplicationContext] [36mRoot WebApplicationContext: initialization completed in 974 ms[0;39m
[2024-01-12 10:51:25 [32mINFO [0;39m restartedMain] [com.green.greengram4.common.FirebaseConfiguration] [36mFirebaseApp Initialization Complete !!![0;39m
[2024-01-12 10:51:26 [33mWARN [0;39m restartedMain] [org.springframework.boot.autoconfigure.security.servlet.UserDetailsServiceAutoConfiguration] [36m

Using generated security password: 087a5a52-66bd-4866-92fe-1f23070385e1

This generated password is for development use only. Your security configuration must be updated before running your application in production.
[0;39m
[2024-01-12 10:51:26 [32mINFO [0;39m restartedMain] [org.springframework.boot.autoconfigure.web.servlet.WelcomePageHandlerMapping] [36mAdding welcome page: class path resource [static/index.html][0;39m
[2024-01-12 10:51:26 [32mINFO [0;39m restartedMain] [org.springframework.security.web.DefaultSecurityFilterChain] [36mWill secure any request with [org.springframework.security.web.session.DisableEncodeUrlFilter@3cc9012a, org.springframework.security.web.context.request.async.WebAsyncManagerIntegrationFilter@551a1455, org.springframework.security.web.context.SecurityContextHolderFilter@78719aea, org.springframework.security.web.header.HeaderWriterFilter@41aa7c8a, org.springframework.web.filter.CorsFilter@2421fbaa, org.springframework.security.web.authentication.logout.LogoutFilter@34d9857, com.green.greengram4.security.JwtAuthenticationFilter@7fdb40e0, org.springframework.security.web.savedrequest.RequestCacheAwareFilter@601c63d7, org.springframework.security.web.servletapi.SecurityContextHolderAwareRequestFilter@1fcb47f2, org.springframework.security.web.authentication.AnonymousAuthenticationFilter@59c63f97, org.springframework.security.web.session.SessionManagementFilter@2a8e00d3, org.springframework.security.web.access.ExceptionTranslationFilter@d151398, org.springframework.security.web.access.intercept.AuthorizationFilter@2bf8485e][0;39m
[2024-01-12 10:51:26 [32mINFO [0;39m restartedMain] [org.springframework.boot.devtools.autoconfigure.OptionalLiveReloadServer] [36mLiveReload server is running on port 35729[0;39m
[2024-01-12 10:51:26 [32mINFO [0;39m restartedMain] [org.apache.coyote.http11.Http11NioProtocol] [36mStarting ProtocolHandler ["http-nio-8082"][0;39m
[2024-01-12 10:51:26 [32mINFO [0;39m restartedMain] [org.springframework.boot.web.embedded.tomcat.TomcatWebServer] [36mTomcat started on port 8082 (http) with context path ''[0;39m
[2024-01-12 10:51:26 [32mINFO [0;39m restartedMain] [com.green.greengram4.Greengram4Application] [36mStarted Greengram4Application in 2.123 seconds (process running for 2.58)[0;39m
[2024-01-12 10:51:28 [32mINFO [0;39m http-nio-8082-exec-1] [org.apache.catalina.core.ContainerBase.[Tomcat].[localhost].[/]] [36mInitializing Spring DispatcherServlet 'dispatcherServlet'[0;39m
[2024-01-12 10:51:28 [32mINFO [0;39m http-nio-8082-exec-1] [org.springframework.web.servlet.DispatcherServlet] [36mInitializing Servlet 'dispatcherServlet'[0;39m
[2024-01-12 10:51:28 [32mINFO [0;39m http-nio-8082-exec-1] [org.springframework.web.servlet.DispatcherServlet] [36mCompleted initialization in 1 ms[0;39m
[2024-01-12 10:51:28 [32mINFO [0;39m http-nio-8082-exec-1] [com.green.greengram4.security.JwtAuthenticationFilter] [36mJwtAuthentication-Token: eyJhbGciOiJIUzI1NiJ9.eyJ1c2VyIjoie1wiaXVzZXJcIjo0fSIsImlhdCI6MTcwNTAyMDg4OCwiZXhwIjoxNzA1MTQ5ODg4fQ.xedkhqyPFqX0d2eaCpzwGSpQTNrNwhVFWusUsvL_1aM[0;39m
[2024-01-12 10:51:28 [32mINFO [0;39m http-nio-8082-exec-1] [com.green.greengram4.feed.FeedController] [36mpics : 2[0;39m
[2024-01-12 10:56:57 [32mINFO [0;39m http-nio-8082-exec-1] [com.green.greengram4.feed.FeedController] [36mdto : FeedInsDto(ifeed=0, iuser=0, contents=gkdl, location=장소)[0;39m
[2024-01-12 10:56:57 [32mINFO [0;39m http-nio-8082-exec-1] [com.zaxxer.hikari.HikariDataSource] [36mHikariPool-1 - Starting...[0;39m
[2024-01-12 10:56:57 [32mINFO [0;39m http-nio-8082-exec-1] [com.zaxxer.hikari.pool.HikariPool] [36mHikariPool-1 - Added connection org.mariadb.jdbc.Connection@342de8c3[0;39m
[2024-01-12 10:56:57 [32mINFO [0;39m http-nio-8082-exec-1] [com.zaxxer.hikari.HikariDataSource] [36mHikariPool-1 - Start completed.[0;39m
[2024-01-12 10:56:58 [32mINFO [0;39m SpringApplicationShutdownHook] [com.zaxxer.hikari.HikariDataSource] [36mHikariPool-1 - Shutdown initiated...[0;39m
[2024-01-12 10:56:58 [32mINFO [0;39m SpringApplicationShutdownHook] [com.zaxxer.hikari.HikariDataSource] [36mHikariPool-1 - Shutdown completed.[0;39m
[2024-01-12 11:59:55 [32mINFO [0;39m restartedMain] [com.green.greengram4.Greengram4Application] [36mStarting Greengram4Application using Java 17.0.8.1 with PID 2928 (D:\2023_second\greengram4\build\classes\java\main started by Administrator in D:\2023_second\greengram4)[0;39m
[2024-01-12 11:59:55 [32mINFO [0;39m restartedMain] [com.green.greengram4.Greengram4Application] [36mNo active profile set, falling back to 1 default profile: "default"[0;39m
[2024-01-12 11:59:55 [32mINFO [0;39m restartedMain] [org.springframework.boot.devtools.env.DevToolsPropertyDefaultsPostProcessor] [36mDevtools property defaults active! Set 'spring.devtools.add-properties' to 'false' to disable[0;39m
[2024-01-12 11:59:55 [32mINFO [0;39m restartedMain] [org.springframework.boot.devtools.env.DevToolsPropertyDefaultsPostProcessor] [36mFor additional web related logging consider setting the 'logging.level.web' property to 'DEBUG'[0;39m
[2024-01-12 11:59:56 [32mINFO [0;39m restartedMain] [org.springframework.boot.web.embedded.tomcat.TomcatWebServer] [36mTomcat initialized with port 8082 (http)[0;39m
[2024-01-12 11:59:56 [32mINFO [0;39m restartedMain] [org.apache.coyote.http11.Http11NioProtocol] [36mInitializing ProtocolHandler ["http-nio-8082"][0;39m
[2024-01-12 11:59:56 [32mINFO [0;39m restartedMain] [org.apache.catalina.core.StandardService] [36mStarting service [Tomcat][0;39m
[2024-01-12 11:59:56 [32mINFO [0;39m restartedMain] [org.apache.catalina.core.StandardEngine] [36mStarting Servlet engine: [Apache Tomcat/10.1.17][0;39m
[2024-01-12 11:59:56 [32mINFO [0;39m restartedMain] [org.apache.catalina.core.ContainerBase.[Tomcat].[localhost].[/]] [36mInitializing Spring embedded WebApplicationContext[0;39m
[2024-01-12 11:59:56 [32mINFO [0;39m restartedMain] [org.springframework.boot.web.servlet.context.ServletWebServerApplicationContext] [36mRoot WebApplicationContext: initialization completed in 967 ms[0;39m
[2024-01-12 11:59:56 [32mINFO [0;39m restartedMain] [com.green.greengram4.common.FirebaseConfiguration] [36mFirebaseApp Initialization Complete !!![0;39m
[2024-01-12 11:59:56 [33mWARN [0;39m restartedMain] [org.springframework.boot.autoconfigure.security.servlet.UserDetailsServiceAutoConfiguration] [36m

Using generated security password: 5d95a9c0-6ab6-41a9-ae50-c731e754ad9e

This generated password is for development use only. Your security configuration must be updated before running your application in production.
[0;39m
[2024-01-12 11:59:56 [32mINFO [0;39m restartedMain] [org.springframework.boot.autoconfigure.web.servlet.WelcomePageHandlerMapping] [36mAdding welcome page: class path resource [static/index.html][0;39m
[2024-01-12 11:59:57 [32mINFO [0;39m restartedMain] [org.springframework.security.web.DefaultSecurityFilterChain] [36mWill secure any request with [org.springframework.security.web.session.DisableEncodeUrlFilter@6419ab94, org.springframework.security.web.context.request.async.WebAsyncManagerIntegrationFilter@7b1f8e6e, org.springframework.security.web.context.SecurityContextHolderFilter@5edc01e5, org.springframework.security.web.header.HeaderWriterFilter@4b99c4ed, org.springframework.web.filter.CorsFilter@3d64d3d9, org.springframework.security.web.authentication.logout.LogoutFilter@4196f8e7, com.green.greengram4.security.JwtAuthenticationFilter@2e8c2b14, org.springframework.security.web.savedrequest.RequestCacheAwareFilter@5aa8fed7, org.springframework.security.web.servletapi.SecurityContextHolderAwareRequestFilter@461283e7, org.springframework.security.web.authentication.AnonymousAuthenticationFilter@2f507a8e, org.springframework.security.web.session.SessionManagementFilter@20d6b017, org.springframework.security.web.access.ExceptionTranslationFilter@3690baf3, org.springframework.security.web.access.intercept.AuthorizationFilter@605ff8c9][0;39m
[2024-01-12 11:59:57 [32mINFO [0;39m restartedMain] [org.springframework.boot.devtools.autoconfigure.OptionalLiveReloadServer] [36mLiveReload server is running on port 35729[0;39m
[2024-01-12 11:59:57 [32mINFO [0;39m restartedMain] [org.apache.coyote.http11.Http11NioProtocol] [36mStarting ProtocolHandler ["http-nio-8082"][0;39m
[2024-01-12 11:59:57 [32mINFO [0;39m restartedMain] [org.springframework.boot.web.embedded.tomcat.TomcatWebServer] [36mTomcat started on port 8082 (http) with context path ''[0;39m
[2024-01-12 11:59:57 [32mINFO [0;39m restartedMain] [com.green.greengram4.Greengram4Application] [36mStarted Greengram4Application in 2.091 seconds (process running for 2.549)[0;39m
[2024-01-12 12:18:41 [32mINFO [0;39m File Watcher] [org.springframework.boot.devtools.autoconfigure.LocalDevToolsAutoConfiguration$RestartingClassPathChangeChangedEventListener] [36mRestarting due to 2 class path changes (0 additions, 2 deletions, 0 modifications)[0;39m
[2024-01-12 12:18:41 [32mINFO [0;39m Thread-5] [org.apache.coyote.http11.Http11NioProtocol] [36mStopping ProtocolHandler ["http-nio-8082"][0;39m
[2024-01-12 12:18:41 [32mINFO [0;39m restartedMain] [com.green.greengram4.Greengram4Application] [36mStarting Greengram4Application using Java 17.0.8.1 with PID 2928 (D:\2023_second\greengram4\build\classes\java\main started by Administrator in D:\2023_second\greengram4)[0;39m
[2024-01-12 12:18:41 [32mINFO [0;39m restartedMain] [com.green.greengram4.Greengram4Application] [36mNo active profile set, falling back to 1 default profile: "default"[0;39m
[2024-01-12 12:18:42 [32mINFO [0;39m restartedMain] [org.springframework.boot.web.embedded.tomcat.TomcatWebServer] [36mTomcat initialized with port 8082 (http)[0;39m
[2024-01-12 12:18:42 [32mINFO [0;39m restartedMain] [org.apache.coyote.http11.Http11NioProtocol] [36mInitializing ProtocolHandler ["http-nio-8082"][0;39m
[2024-01-12 12:18:42 [32mINFO [0;39m restartedMain] [org.apache.catalina.core.StandardService] [36mStarting service [Tomcat][0;39m
[2024-01-12 12:18:42 [32mINFO [0;39m restartedMain] [org.apache.catalina.core.StandardEngine] [36mStarting Servlet engine: [Apache Tomcat/10.1.17][0;39m
[2024-01-12 12:18:42 [32mINFO [0;39m restartedMain] [org.apache.catalina.core.ContainerBase.[Tomcat].[localhost].[/]] [36mInitializing Spring embedded WebApplicationContext[0;39m
[2024-01-12 12:18:42 [32mINFO [0;39m restartedMain] [org.springframework.boot.web.servlet.context.ServletWebServerApplicationContext] [36mRoot WebApplicationContext: initialization completed in 281 ms[0;39m
[2024-01-12 12:18:42 [33mWARN [0;39m restartedMain] [org.springframework.boot.autoconfigure.security.servlet.UserDetailsServiceAutoConfiguration] [36m

Using generated security password: 69ca01d1-3bc0-470f-8b39-68484b82f4ed

This generated password is for development use only. Your security configuration must be updated before running your application in production.
[0;39m
[2024-01-12 12:18:42 [32mINFO [0;39m restartedMain] [org.springframework.boot.autoconfigure.web.servlet.WelcomePageHandlerMapping] [36mAdding welcome page: class path resource [static/index.html][0;39m
[2024-01-12 12:18:42 [32mINFO [0;39m restartedMain] [org.springframework.security.web.DefaultSecurityFilterChain] [36mWill secure any request with [org.springframework.security.web.session.DisableEncodeUrlFilter@171b5c3b, org.springframework.security.web.context.request.async.WebAsyncManagerIntegrationFilter@66000e0, org.springframework.security.web.context.SecurityContextHolderFilter@4b968cfd, org.springframework.security.web.header.HeaderWriterFilter@1c488564, org.springframework.web.filter.CorsFilter@78f0a16c, org.springframework.security.web.authentication.logout.LogoutFilter@532b19bf, com.green.greengram4.security.JwtAuthenticationFilter@d0fff4d, org.springframework.security.web.savedrequest.RequestCacheAwareFilter@40bea13a, org.springframework.security.web.servletapi.SecurityContextHolderAwareRequestFilter@18057fec, org.springframework.security.web.authentication.AnonymousAuthenticationFilter@65bf893c, org.springframework.security.web.session.SessionManagementFilter@3704a6a, org.springframework.security.web.access.ExceptionTranslationFilter@7b1e07a2, org.springframework.security.web.access.intercept.AuthorizationFilter@603fbdab][0;39m
[2024-01-12 12:18:42 [32mINFO [0;39m restartedMain] [org.springframework.boot.devtools.autoconfigure.OptionalLiveReloadServer] [36mLiveReload server is running on port 35729[0;39m
[2024-01-12 12:18:42 [32mINFO [0;39m restartedMain] [org.apache.coyote.http11.Http11NioProtocol] [36mStarting ProtocolHandler ["http-nio-8082"][0;39m
[2024-01-12 12:18:42 [32mINFO [0;39m restartedMain] [org.springframework.boot.web.embedded.tomcat.TomcatWebServer] [36mTomcat started on port 8082 (http) with context path ''[0;39m
[2024-01-12 12:18:42 [32mINFO [0;39m restartedMain] [com.green.greengram4.Greengram4Application] [36mStarted Greengram4Application in 0.497 seconds (process running for 1127.522)[0;39m
[2024-01-12 12:18:42 [32mINFO [0;39m restartedMain] [org.springframework.boot.devtools.autoconfigure.ConditionEvaluationDeltaLoggingListener] [36mCondition evaluation unchanged[0;39m
[2024-01-12 12:18:43 [32mINFO [0;39m File Watcher] [org.springframework.boot.devtools.autoconfigure.LocalDevToolsAutoConfiguration$RestartingClassPathChangeChangedEventListener] [36mRestarting due to 2 class path changes (2 additions, 0 deletions, 0 modifications)[0;39m
[2024-01-12 12:18:43 [32mINFO [0;39m Thread-7] [org.apache.coyote.http11.Http11NioProtocol] [36mStopping ProtocolHandler ["http-nio-8082"][0;39m
[2024-01-12 12:18:43 [32mINFO [0;39m restartedMain] [com.green.greengram4.Greengram4Application] [36mStarting Greengram4Application using Java 17.0.8.1 with PID 2928 (D:\2023_second\greengram4\build\classes\java\main started by Administrator in D:\2023_second\greengram4)[0;39m
[2024-01-12 12:18:43 [32mINFO [0;39m restartedMain] [com.green.greengram4.Greengram4Application] [36mNo active profile set, falling back to 1 default profile: "default"[0;39m
[2024-01-12 12:18:43 [32mINFO [0;39m restartedMain] [org.springframework.boot.web.embedded.tomcat.TomcatWebServer] [36mTomcat initialized with port 8082 (http)[0;39m
[2024-01-12 12:18:43 [32mINFO [0;39m restartedMain] [org.apache.coyote.http11.Http11NioProtocol] [36mInitializing ProtocolHandler ["http-nio-8082"][0;39m
[2024-01-12 12:18:43 [32mINFO [0;39m restartedMain] [org.apache.catalina.core.StandardService] [36mStarting service [Tomcat][0;39m
[2024-01-12 12:18:43 [32mINFO [0;39m restartedMain] [org.apache.catalina.core.StandardEngine] [36mStarting Servlet engine: [Apache Tomcat/10.1.17][0;39m
[2024-01-12 12:18:44 [32mINFO [0;39m restartedMain] [org.apache.catalina.core.ContainerBase.[Tomcat].[localhost].[/]] [36mInitializing Spring embedded WebApplicationContext[0;39m
[2024-01-12 12:18:44 [32mINFO [0;39m restartedMain] [org.springframework.boot.web.servlet.context.ServletWebServerApplicationContext] [36mRoot WebApplicationContext: initialization completed in 263 ms[0;39m
[2024-01-12 12:18:44 [33mWARN [0;39m restartedMain] [org.springframework.boot.autoconfigure.security.servlet.UserDetailsServiceAutoConfiguration] [36m

Using generated security password: 9b661882-012f-4fe4-a9ea-94fc2d1d7ccb

This generated password is for development use only. Your security configuration must be updated before running your application in production.
[0;39m
[2024-01-12 12:18:44 [32mINFO [0;39m restartedMain] [org.springframework.boot.autoconfigure.web.servlet.WelcomePageHandlerMapping] [36mAdding welcome page: class path resource [static/index.html][0;39m
[2024-01-12 12:18:44 [32mINFO [0;39m restartedMain] [org.springframework.security.web.DefaultSecurityFilterChain] [36mWill secure any request with [org.springframework.security.web.session.DisableEncodeUrlFilter@7280a6de, org.springframework.security.web.context.request.async.WebAsyncManagerIntegrationFilter@16923adf, org.springframework.security.web.context.SecurityContextHolderFilter@57fe984c, org.springframework.security.web.header.HeaderWriterFilter@2980ef2c, org.springframework.web.filter.CorsFilter@77d6995d, org.springframework.security.web.authentication.logout.LogoutFilter@5e175c25, com.green.greengram4.security.JwtAuthenticationFilter@30649f5c, org.springframework.security.web.savedrequest.RequestCacheAwareFilter@68b9d172, org.springframework.security.web.servletapi.SecurityContextHolderAwareRequestFilter@466ebac6, org.springframework.security.web.authentication.AnonymousAuthenticationFilter@7c998ae6, org.springframework.security.web.session.SessionManagementFilter@605b70d3, org.springframework.security.web.access.ExceptionTranslationFilter@4a77bea, org.springframework.security.web.access.intercept.AuthorizationFilter@4b081998][0;39m
[2024-01-12 12:18:44 [32mINFO [0;39m restartedMain] [org.springframework.boot.devtools.autoconfigure.OptionalLiveReloadServer] [36mLiveReload server is running on port 35729[0;39m
[2024-01-12 12:18:44 [32mINFO [0;39m restartedMain] [org.apache.coyote.http11.Http11NioProtocol] [36mStarting ProtocolHandler ["http-nio-8082"][0;39m
[2024-01-12 12:18:44 [32mINFO [0;39m restartedMain] [org.springframework.boot.web.embedded.tomcat.TomcatWebServer] [36mTomcat started on port 8082 (http) with context path ''[0;39m
[2024-01-12 12:18:44 [32mINFO [0;39m restartedMain] [com.green.greengram4.Greengram4Application] [36mStarted Greengram4Application in 0.451 seconds (process running for 1129.453)[0;39m
[2024-01-12 12:18:44 [32mINFO [0;39m restartedMain] [org.springframework.boot.devtools.autoconfigure.ConditionEvaluationDeltaLoggingListener] [36mCondition evaluation unchanged[0;39m
