[2024-01-15 11:20:03 [32mINFO [0;39m restartedMain] [com.green.greengram4.Greengram4Application] [36mStarting Greengram4Application using Java 17.0.8.1 with PID 856 (D:\2023_second\greengram4\build\classes\java\main started by Administrator in D:\2023_second\greengram4)[0;39m
[2024-01-15 11:20:03 [32mINFO [0;39m restartedMain] [com.green.greengram4.Greengram4Application] [36mNo active profile set, falling back to 1 default profile: "default"[0;39m
[2024-01-15 11:20:03 [32mINFO [0;39m restartedMain] [org.springframework.boot.devtools.env.DevToolsPropertyDefaultsPostProcessor] [36mDevtools property defaults active! Set 'spring.devtools.add-properties' to 'false' to disable[0;39m
[2024-01-15 11:20:03 [32mINFO [0;39m restartedMain] [org.springframework.boot.devtools.env.DevToolsPropertyDefaultsPostProcessor] [36mFor additional web related logging consider setting the 'logging.level.web' property to 'DEBUG'[0;39m
[2024-01-15 11:20:04 [32mINFO [0;39m restartedMain] [org.springframework.boot.web.embedded.tomcat.TomcatWebServer] [36mTomcat initialized with port 8082 (http)[0;39m
[2024-01-15 11:20:04 [32mINFO [0;39m restartedMain] [org.apache.coyote.http11.Http11NioProtocol] [36mInitializing ProtocolHandler ["http-nio-8082"][0;39m
[2024-01-15 11:20:04 [32mINFO [0;39m restartedMain] [org.apache.catalina.core.StandardService] [36mStarting service [Tomcat][0;39m
[2024-01-15 11:20:04 [32mINFO [0;39m restartedMain] [org.apache.catalina.core.StandardEngine] [36mStarting Servlet engine: [Apache Tomcat/10.1.17][0;39m
[2024-01-15 11:20:04 [32mINFO [0;39m restartedMain] [org.apache.catalina.core.ContainerBase.[Tomcat].[localhost].[/]] [36mInitializing Spring embedded WebApplicationContext[0;39m
[2024-01-15 11:20:04 [32mINFO [0;39m restartedMain] [org.springframework.boot.web.servlet.context.ServletWebServerApplicationContext] [36mRoot WebApplicationContext: initialization completed in 1076 ms[0;39m
[2024-01-15 11:20:04 [32mINFO [0;39m restartedMain] [com.green.greengram4.common.FirebaseConfiguration] [36mFirebaseApp Initialization Complete !!![0;39m
[2024-01-15 11:20:05 [33mWARN [0;39m restartedMain] [org.springframework.boot.autoconfigure.security.servlet.UserDetailsServiceAutoConfiguration] [36m

Using generated security password: 1dc61426-f277-495c-8b51-6caaa08eaf3d

This generated password is for development use only. Your security configuration must be updated before running your application in production.
[0;39m
[2024-01-15 11:20:05 [32mINFO [0;39m restartedMain] [org.springframework.boot.autoconfigure.web.servlet.WelcomePageHandlerMapping] [36mAdding welcome page: class path resource [static/index.html][0;39m
[2024-01-15 11:20:05 [32mINFO [0;39m restartedMain] [org.springframework.security.web.DefaultSecurityFilterChain] [36mWill secure any request with [org.springframework.security.web.session.DisableEncodeUrlFilter@dd2d0c6, org.springframework.security.web.context.request.async.WebAsyncManagerIntegrationFilter@7a8686bd, org.springframework.security.web.context.SecurityContextHolderFilter@37941c17, org.springframework.security.web.header.HeaderWriterFilter@701736e5, org.springframework.web.filter.CorsFilter@3366bafa, org.springframework.security.web.authentication.logout.LogoutFilter@4ce7180c, com.green.greengram4.security.JwtAuthenticationFilter@1dfcbaf1, org.springframework.security.web.savedrequest.RequestCacheAwareFilter@122c7d81, org.springframework.security.web.servletapi.SecurityContextHolderAwareRequestFilter@5a9e33a2, org.springframework.security.web.authentication.AnonymousAuthenticationFilter@111cc452, org.springframework.security.web.session.SessionManagementFilter@1e4451ba, org.springframework.security.web.access.ExceptionTranslationFilter@4529fecd, org.springframework.security.web.access.intercept.AuthorizationFilter@61c2cc25][0;39m
[2024-01-15 11:20:05 [32mINFO [0;39m restartedMain] [org.springframework.boot.devtools.autoconfigure.OptionalLiveReloadServer] [36mLiveReload server is running on port 35729[0;39m
[2024-01-15 11:20:05 [32mINFO [0;39m restartedMain] [org.apache.coyote.http11.Http11NioProtocol] [36mStarting ProtocolHandler ["http-nio-8082"][0;39m
[2024-01-15 11:20:05 [32mINFO [0;39m restartedMain] [org.springframework.boot.web.embedded.tomcat.TomcatWebServer] [36mTomcat started on port 8082 (http) with context path ''[0;39m
[2024-01-15 11:20:05 [32mINFO [0;39m restartedMain] [com.green.greengram4.Greengram4Application] [36mStarted Greengram4Application in 2.289 seconds (process running for 2.734)[0;39m
[2024-01-15 11:30:12 [32mINFO [0;39m http-nio-8082-exec-1] [org.apache.catalina.core.ContainerBase.[Tomcat].[localhost].[/]] [36mInitializing Spring DispatcherServlet 'dispatcherServlet'[0;39m
[2024-01-15 11:30:12 [32mINFO [0;39m http-nio-8082-exec-1] [org.springframework.web.servlet.DispatcherServlet] [36mInitializing Servlet 'dispatcherServlet'[0;39m
[2024-01-15 11:30:12 [32mINFO [0;39m http-nio-8082-exec-1] [org.springframework.web.servlet.DispatcherServlet] [36mCompleted initialization in 1 ms[0;39m
[2024-01-15 11:30:13 [32mINFO [0;39m http-nio-8082-exec-1] [com.green.greengram4.security.JwtAuthenticationFilter] [36mJwtAuthentication-Token: eyJhbGciOiJIUzI1NiJ9.eyJ1c2VyIjoie1wiaXVzZXJcIjo0fSIsImlhdCI6MTcwNTAyMDg4OCwiZXhwIjoxNzA1MTQ5ODg4fQ.xedkhqyPFqX0d2eaCpzwGSpQTNrNwhVFWusUsvL_1aM[0;39m
[2024-01-15 11:31:08 [32mINFO [0;39m http-nio-8082-exec-5] [com.green.greengram4.security.JwtAuthenticationFilter] [36mJwtAuthentication-Token: eyJhbGciOiJIUzI1NiJ9.eyJ1c2VyIjoie1wiaXVzZXJcIjo0fSIsImlhdCI6MTcwNTAyMDg4OCwiZXhwIjoxNzA1MTQ5ODg4fQ.xedkhqyPFqX0d2eaCpzwGSpQTNrNwhVFWusUsvL_1aM[0;39m
[2024-01-15 11:31:45 [32mINFO [0;39m http-nio-8082-exec-8] [com.green.greengram4.security.JwtAuthenticationFilter] [36mJwtAuthentication-Token: eyJhbGciOiJIUzI1NiJ9.eyJ1c2VyIjoie1wiaXVzZXJcIjo0fSIsImlhdCI6MTcwNTAyMDg4OCwiZXhwIjoxNzA1MTQ5ODg4fQ.xedkhqyPFqX0d2eaCpzwGSpQTNrNwhVFWusUsvL_1aM[0;39m
[2024-01-15 11:32:16 [32mINFO [0;39m http-nio-8082-exec-6] [com.green.greengram4.security.JwtAuthenticationFilter] [36mJwtAuthentication-Token: null[0;39m
[2024-01-15 11:32:16 [32mINFO [0;39m http-nio-8082-exec-2] [com.green.greengram4.security.JwtAuthenticationFilter] [36mJwtAuthentication-Token: null[0;39m
[2024-01-15 11:32:16 [32mINFO [0;39m http-nio-8082-exec-10] [com.green.greengram4.security.JwtAuthenticationFilter] [36mJwtAuthentication-Token: null[0;39m
[2024-01-15 11:32:16 [32mINFO [0;39m http-nio-8082-exec-7] [com.green.greengram4.security.JwtAuthenticationFilter] [36mJwtAuthentication-Token: null[0;39m
[2024-01-15 11:32:16 [32mINFO [0;39m http-nio-8082-exec-9] [com.green.greengram4.security.JwtAuthenticationFilter] [36mJwtAuthentication-Token: null[0;39m
[2024-01-15 11:32:16 [32mINFO [0;39m http-nio-8082-exec-4] [com.green.greengram4.security.JwtAuthenticationFilter] [36mJwtAuthentication-Token: null[0;39m
[2024-01-15 11:32:16 [32mINFO [0;39m http-nio-8082-exec-3] [com.green.greengram4.security.JwtAuthenticationFilter] [36mJwtAuthentication-Token: null[0;39m
[2024-01-15 11:32:16 [32mINFO [0;39m http-nio-8082-exec-1] [com.green.greengram4.security.JwtAuthenticationFilter] [36mJwtAuthentication-Token: null[0;39m
[2024-01-15 11:32:16 [32mINFO [0;39m http-nio-8082-exec-1] [org.springdoc.api.AbstractOpenApiResource] [36mInit duration for springdoc-openapi is: 152 ms[0;39m
[2024-01-15 11:32:31 [32mINFO [0;39m http-nio-8082-exec-8] [com.green.greengram4.security.JwtAuthenticationFilter] [36mJwtAuthentication-Token: null[0;39m
[2024-01-15 11:32:31 [32mINFO [0;39m http-nio-8082-exec-5] [com.green.greengram4.security.JwtAuthenticationFilter] [36mJwtAuthentication-Token: null[0;39m
[2024-01-15 11:32:31 [32mINFO [0;39m http-nio-8082-exec-2] [com.green.greengram4.security.JwtAuthenticationFilter] [36mJwtAuthentication-Token: null[0;39m
[2024-01-15 11:32:31 [32mINFO [0;39m http-nio-8082-exec-6] [com.green.greengram4.security.JwtAuthenticationFilter] [36mJwtAuthentication-Token: null[0;39m
[2024-01-15 11:32:31 [32mINFO [0;39m http-nio-8082-exec-7] [com.green.greengram4.security.JwtAuthenticationFilter] [36mJwtAuthentication-Token: null[0;39m
[2024-01-15 11:32:41 [32mINFO [0;39m http-nio-8082-exec-9] [com.green.greengram4.security.JwtAuthenticationFilter] [36mJwtAuthentication-Token: null[0;39m
[2024-01-15 11:32:41 [32mINFO [0;39m http-nio-8082-exec-9] [com.green.greengram4.user.UserController] [36mdto: UserSigninDto(uid=lee, upw=1212)[0;39m
[2024-01-15 11:32:41 [32mINFO [0;39m http-nio-8082-exec-9] [com.zaxxer.hikari.HikariDataSource] [36mHikariPool-1 - Starting...[0;39m
[2024-01-15 11:32:41 [32mINFO [0;39m http-nio-8082-exec-9] [com.zaxxer.hikari.pool.HikariPool] [36mHikariPool-1 - Added connection org.mariadb.jdbc.Connection@6e765f32[0;39m
[2024-01-15 11:32:41 [32mINFO [0;39m http-nio-8082-exec-9] [com.zaxxer.hikari.HikariDataSource] [36mHikariPool-1 - Start completed.[0;39m
[2024-01-15 11:32:57 [32mINFO [0;39m http-nio-8082-exec-3] [com.green.greengram4.security.JwtAuthenticationFilter] [36mJwtAuthentication-Token: eyJhbGciOiJIUzI1NiJ9.eyJ1c2VyIjoie1wiaXVzZXJcIjo0fSIsImlhdCI6MTcwNTI4NTk2MSwiZXhwIjoxNzA1NDE0OTYxfQ.OMhmdODKLIMIeTEwG4-Hn4A1xIjqXPX6Ks4eJXZi1Ek[0;39m
[2024-01-15 11:32:57 [32mINFO [0;39m http-nio-8082-exec-3] [com.green.greengram4.feed.FeedController] [36mpics : 2[0;39m
[2024-01-15 11:32:57 [32mINFO [0;39m http-nio-8082-exec-3] [com.green.greengram4.feed.FeedController] [36mdto : FeedInsDto(ifeed=0, iuser=0, contents=gkdl, location=장소, pics=null)[0;39m
[2024-01-15 11:37:53 [32mINFO [0;39m SpringApplicationShutdownHook] [com.zaxxer.hikari.HikariDataSource] [36mHikariPool-1 - Shutdown initiated...[0;39m
[2024-01-15 11:37:53 [32mINFO [0;39m SpringApplicationShutdownHook] [com.zaxxer.hikari.HikariDataSource] [36mHikariPool-1 - Shutdown completed.[0;39m
[2024-01-15 11:37:55 [32mINFO [0;39m restartedMain] [com.green.greengram4.Greengram4Application] [36mStarting Greengram4Application using Java 17.0.8.1 with PID 6804 (D:\2023_second\greengram4\build\classes\java\main started by Administrator in D:\2023_second\greengram4)[0;39m
[2024-01-15 11:37:55 [32mINFO [0;39m restartedMain] [com.green.greengram4.Greengram4Application] [36mNo active profile set, falling back to 1 default profile: "default"[0;39m
[2024-01-15 11:37:55 [32mINFO [0;39m restartedMain] [org.springframework.boot.devtools.env.DevToolsPropertyDefaultsPostProcessor] [36mDevtools property defaults active! Set 'spring.devtools.add-properties' to 'false' to disable[0;39m
[2024-01-15 11:37:55 [32mINFO [0;39m restartedMain] [org.springframework.boot.devtools.env.DevToolsPropertyDefaultsPostProcessor] [36mFor additional web related logging consider setting the 'logging.level.web' property to 'DEBUG'[0;39m
[2024-01-15 11:37:56 [32mINFO [0;39m restartedMain] [org.springframework.boot.web.embedded.tomcat.TomcatWebServer] [36mTomcat initialized with port 8082 (http)[0;39m
[2024-01-15 11:37:56 [32mINFO [0;39m restartedMain] [org.apache.coyote.http11.Http11NioProtocol] [36mInitializing ProtocolHandler ["http-nio-8082"][0;39m
[2024-01-15 11:37:56 [32mINFO [0;39m restartedMain] [org.apache.catalina.core.StandardService] [36mStarting service [Tomcat][0;39m
[2024-01-15 11:37:56 [32mINFO [0;39m restartedMain] [org.apache.catalina.core.StandardEngine] [36mStarting Servlet engine: [Apache Tomcat/10.1.17][0;39m
[2024-01-15 11:37:56 [32mINFO [0;39m restartedMain] [org.apache.catalina.core.ContainerBase.[Tomcat].[localhost].[/]] [36mInitializing Spring embedded WebApplicationContext[0;39m
[2024-01-15 11:37:56 [32mINFO [0;39m restartedMain] [org.springframework.boot.web.servlet.context.ServletWebServerApplicationContext] [36mRoot WebApplicationContext: initialization completed in 974 ms[0;39m
[2024-01-15 11:37:56 [32mINFO [0;39m restartedMain] [com.green.greengram4.common.FirebaseConfiguration] [36mFirebaseApp Initialization Complete !!![0;39m
[2024-01-15 11:37:57 [33mWARN [0;39m restartedMain] [org.springframework.boot.autoconfigure.security.servlet.UserDetailsServiceAutoConfiguration] [36m

Using generated security password: 0c6481af-79c4-4993-9f85-3d36f3febe9b

This generated password is for development use only. Your security configuration must be updated before running your application in production.
[0;39m
[2024-01-15 11:37:57 [32mINFO [0;39m restartedMain] [org.springframework.boot.autoconfigure.web.servlet.WelcomePageHandlerMapping] [36mAdding welcome page: class path resource [static/index.html][0;39m
[2024-01-15 11:37:57 [32mINFO [0;39m restartedMain] [org.springframework.security.web.DefaultSecurityFilterChain] [36mWill secure any request with [org.springframework.security.web.session.DisableEncodeUrlFilter@7bd456c1, org.springframework.security.web.context.request.async.WebAsyncManagerIntegrationFilter@5ca79264, org.springframework.security.web.context.SecurityContextHolderFilter@66d34ac0, org.springframework.security.web.header.HeaderWriterFilter@5e261283, org.springframework.web.filter.CorsFilter@5ca79be8, org.springframework.security.web.authentication.logout.LogoutFilter@177c10c2, com.green.greengram4.security.JwtAuthenticationFilter@4af7d381, org.springframework.security.web.savedrequest.RequestCacheAwareFilter@691389d6, org.springframework.security.web.servletapi.SecurityContextHolderAwareRequestFilter@41d83d87, org.springframework.security.web.authentication.AnonymousAuthenticationFilter@58dcc739, org.springframework.security.web.session.SessionManagementFilter@31e3066b, org.springframework.security.web.access.ExceptionTranslationFilter@78c20c95, org.springframework.security.web.access.intercept.AuthorizationFilter@53ae9f40][0;39m
[2024-01-15 11:37:57 [32mINFO [0;39m restartedMain] [org.springframework.boot.devtools.autoconfigure.OptionalLiveReloadServer] [36mLiveReload server is running on port 35729[0;39m
[2024-01-15 11:37:57 [32mINFO [0;39m restartedMain] [org.apache.coyote.http11.Http11NioProtocol] [36mStarting ProtocolHandler ["http-nio-8082"][0;39m
[2024-01-15 11:37:57 [32mINFO [0;39m restartedMain] [org.springframework.boot.web.embedded.tomcat.TomcatWebServer] [36mTomcat started on port 8082 (http) with context path ''[0;39m
[2024-01-15 11:37:57 [32mINFO [0;39m restartedMain] [com.green.greengram4.Greengram4Application] [36mStarted Greengram4Application in 2.175 seconds (process running for 2.893)[0;39m
[2024-01-15 11:40:09 [32mINFO [0;39m http-nio-8082-exec-2] [org.apache.catalina.core.ContainerBase.[Tomcat].[localhost].[/]] [36mInitializing Spring DispatcherServlet 'dispatcherServlet'[0;39m
[2024-01-15 11:40:09 [32mINFO [0;39m http-nio-8082-exec-2] [org.springframework.web.servlet.DispatcherServlet] [36mInitializing Servlet 'dispatcherServlet'[0;39m
[2024-01-15 11:40:09 [32mINFO [0;39m http-nio-8082-exec-2] [org.springframework.web.servlet.DispatcherServlet] [36mCompleted initialization in 0 ms[0;39m
[2024-01-15 11:40:09 [32mINFO [0;39m http-nio-8082-exec-2] [com.green.greengram4.security.JwtAuthenticationFilter] [36mJwtAuthentication-Token: eyJhbGciOiJIUzI1NiJ9.eyJ1c2VyIjoie1wiaXVzZXJcIjo0fSIsImlhdCI6MTcwNTI4NTk2MSwiZXhwIjoxNzA1NDE0OTYxfQ.OMhmdODKLIMIeTEwG4-Hn4A1xIjqXPX6Ks4eJXZi1Ek[0;39m
[2024-01-15 11:40:09 [32mINFO [0;39m http-nio-8082-exec-2] [com.green.greengram4.feed.FeedController] [36mpics : 2[0;39m
[2024-01-15 11:40:19 [32mINFO [0;39m http-nio-8082-exec-2] [com.green.greengram4.feed.FeedController] [36mdto : FeedInsDto(ifeed=0, iuser=0, contents=cat, location=catHome, pics=null)[0;39m
[2024-01-15 11:40:42 [32mINFO [0;39m http-nio-8082-exec-2] [com.zaxxer.hikari.HikariDataSource] [36mHikariPool-1 - Starting...[0;39m
[2024-01-15 11:40:42 [32mINFO [0;39m http-nio-8082-exec-2] [com.zaxxer.hikari.pool.HikariPool] [36mHikariPool-1 - Added connection org.mariadb.jdbc.Connection@1c3830da[0;39m
[2024-01-15 11:40:42 [32mINFO [0;39m http-nio-8082-exec-2] [com.zaxxer.hikari.HikariDataSource] [36mHikariPool-1 - Start completed.[0;39m
[2024-01-15 11:56:12 [33mWARN [0;39m HikariPool-1 housekeeper] [com.zaxxer.hikari.pool.HikariPool] [36mHikariPool-1 - Thread starvation or clock leap detected (housekeeper delta=14m58s31ms984µs800ns).[0;39m
[2024-01-15 11:56:12 [32mINFO [0;39m SpringApplicationShutdownHook] [com.zaxxer.hikari.HikariDataSource] [36mHikariPool-1 - Shutdown initiated...[0;39m
[2024-01-15 11:56:12 [32mINFO [0;39m SpringApplicationShutdownHook] [com.zaxxer.hikari.HikariDataSource] [36mHikariPool-1 - Shutdown completed.[0;39m
[2024-01-15 11:56:14 [32mINFO [0;39m restartedMain] [com.green.greengram4.Greengram4Application] [36mStarting Greengram4Application using Java 17.0.8.1 with PID 5800 (D:\2023_second\greengram4\build\classes\java\main started by Administrator in D:\2023_second\greengram4)[0;39m
[2024-01-15 11:56:14 [32mINFO [0;39m restartedMain] [com.green.greengram4.Greengram4Application] [36mNo active profile set, falling back to 1 default profile: "default"[0;39m
[2024-01-15 11:56:14 [32mINFO [0;39m restartedMain] [org.springframework.boot.devtools.env.DevToolsPropertyDefaultsPostProcessor] [36mDevtools property defaults active! Set 'spring.devtools.add-properties' to 'false' to disable[0;39m
[2024-01-15 11:56:14 [32mINFO [0;39m restartedMain] [org.springframework.boot.devtools.env.DevToolsPropertyDefaultsPostProcessor] [36mFor additional web related logging consider setting the 'logging.level.web' property to 'DEBUG'[0;39m
[2024-01-15 11:56:15 [32mINFO [0;39m restartedMain] [org.springframework.boot.web.embedded.tomcat.TomcatWebServer] [36mTomcat initialized with port 8082 (http)[0;39m
[2024-01-15 11:56:15 [32mINFO [0;39m restartedMain] [org.apache.coyote.http11.Http11NioProtocol] [36mInitializing ProtocolHandler ["http-nio-8082"][0;39m
[2024-01-15 11:56:15 [32mINFO [0;39m restartedMain] [org.apache.catalina.core.StandardService] [36mStarting service [Tomcat][0;39m
[2024-01-15 11:56:15 [32mINFO [0;39m restartedMain] [org.apache.catalina.core.StandardEngine] [36mStarting Servlet engine: [Apache Tomcat/10.1.17][0;39m
[2024-01-15 11:56:15 [32mINFO [0;39m restartedMain] [org.apache.catalina.core.ContainerBase.[Tomcat].[localhost].[/]] [36mInitializing Spring embedded WebApplicationContext[0;39m
[2024-01-15 11:56:15 [32mINFO [0;39m restartedMain] [org.springframework.boot.web.servlet.context.ServletWebServerApplicationContext] [36mRoot WebApplicationContext: initialization completed in 916 ms[0;39m
[2024-01-15 11:56:15 [32mINFO [0;39m restartedMain] [com.green.greengram4.common.FirebaseConfiguration] [36mFirebaseApp Initialization Complete !!![0;39m
[2024-01-15 11:56:16 [33mWARN [0;39m restartedMain] [org.springframework.boot.autoconfigure.security.servlet.UserDetailsServiceAutoConfiguration] [36m

Using generated security password: 0ff8eb12-7107-4af9-9ca8-eb724f828b38

This generated password is for development use only. Your security configuration must be updated before running your application in production.
[0;39m
[2024-01-15 11:56:16 [32mINFO [0;39m restartedMain] [org.springframework.boot.autoconfigure.web.servlet.WelcomePageHandlerMapping] [36mAdding welcome page: class path resource [static/index.html][0;39m
[2024-01-15 11:56:16 [32mINFO [0;39m restartedMain] [org.springframework.security.web.DefaultSecurityFilterChain] [36mWill secure any request with [org.springframework.security.web.session.DisableEncodeUrlFilter@67e0f112, org.springframework.security.web.context.request.async.WebAsyncManagerIntegrationFilter@7bc69f28, org.springframework.security.web.context.SecurityContextHolderFilter@2425c18d, org.springframework.security.web.header.HeaderWriterFilter@726cc207, org.springframework.web.filter.CorsFilter@70f7a5c0, org.springframework.security.web.authentication.logout.LogoutFilter@11253bac, com.green.greengram4.security.JwtAuthenticationFilter@3d64bb21, org.springframework.security.web.savedrequest.RequestCacheAwareFilter@7f9a4fb9, org.springframework.security.web.servletapi.SecurityContextHolderAwareRequestFilter@52046602, org.springframework.security.web.authentication.AnonymousAuthenticationFilter@5a5cdf6c, org.springframework.security.web.session.SessionManagementFilter@11107a47, org.springframework.security.web.access.ExceptionTranslationFilter@6f8cb7f6, org.springframework.security.web.access.intercept.AuthorizationFilter@697ea89e][0;39m
[2024-01-15 11:56:16 [32mINFO [0;39m restartedMain] [org.springframework.boot.devtools.autoconfigure.OptionalLiveReloadServer] [36mLiveReload server is running on port 35729[0;39m
[2024-01-15 11:56:16 [32mINFO [0;39m restartedMain] [org.apache.coyote.http11.Http11NioProtocol] [36mStarting ProtocolHandler ["http-nio-8082"][0;39m
[2024-01-15 11:56:16 [32mINFO [0;39m restartedMain] [org.springframework.boot.web.embedded.tomcat.TomcatWebServer] [36mTomcat started on port 8082 (http) with context path ''[0;39m
[2024-01-15 11:56:16 [32mINFO [0;39m restartedMain] [com.green.greengram4.Greengram4Application] [36mStarted Greengram4Application in 2.151 seconds (process running for 2.565)[0;39m
[2024-01-15 11:56:17 [32mINFO [0;39m http-nio-8082-exec-1] [org.apache.catalina.core.ContainerBase.[Tomcat].[localhost].[/]] [36mInitializing Spring DispatcherServlet 'dispatcherServlet'[0;39m
[2024-01-15 11:56:17 [32mINFO [0;39m http-nio-8082-exec-1] [org.springframework.web.servlet.DispatcherServlet] [36mInitializing Servlet 'dispatcherServlet'[0;39m
[2024-01-15 11:56:17 [32mINFO [0;39m http-nio-8082-exec-1] [org.springframework.web.servlet.DispatcherServlet] [36mCompleted initialization in 1 ms[0;39m
[2024-01-15 11:56:17 [32mINFO [0;39m http-nio-8082-exec-1] [com.green.greengram4.security.JwtAuthenticationFilter] [36mJwtAuthentication-Token: eyJhbGciOiJIUzI1NiJ9.eyJ1c2VyIjoie1wiaXVzZXJcIjo0fSIsImlhdCI6MTcwNTI4NTk2MSwiZXhwIjoxNzA1NDE0OTYxfQ.OMhmdODKLIMIeTEwG4-Hn4A1xIjqXPX6Ks4eJXZi1Ek[0;39m
[2024-01-15 11:56:17 [32mINFO [0;39m http-nio-8082-exec-1] [com.green.greengram4.feed.FeedController] [36mpics : 2[0;39m
[2024-01-15 11:56:17 [32mINFO [0;39m http-nio-8082-exec-1] [com.green.greengram4.feed.FeedController] [36mdto : FeedInsDto(ifeed=0, iuser=0, contents=cat, location=catHome, pics=null)[0;39m
[2024-01-15 11:56:17 [32mINFO [0;39m http-nio-8082-exec-1] [com.zaxxer.hikari.HikariDataSource] [36mHikariPool-1 - Starting...[0;39m
[2024-01-15 11:56:17 [32mINFO [0;39m http-nio-8082-exec-1] [com.zaxxer.hikari.pool.HikariPool] [36mHikariPool-1 - Added connection org.mariadb.jdbc.Connection@7ea9ba33[0;39m
[2024-01-15 11:56:17 [32mINFO [0;39m http-nio-8082-exec-1] [com.zaxxer.hikari.HikariDataSource] [36mHikariPool-1 - Start completed.[0;39m
[2024-01-15 11:56:20 [32mINFO [0;39m http-nio-8082-exec-6] [com.green.greengram4.security.JwtAuthenticationFilter] [36mJwtAuthentication-Token: eyJhbGciOiJIUzI1NiJ9.eyJ1c2VyIjoie1wiaXVzZXJcIjo0fSIsImlhdCI6MTcwNTI4NTk2MSwiZXhwIjoxNzA1NDE0OTYxfQ.OMhmdODKLIMIeTEwG4-Hn4A1xIjqXPX6Ks4eJXZi1Ek[0;39m
[2024-01-15 11:56:20 [32mINFO [0;39m http-nio-8082-exec-6] [com.green.greengram4.feed.FeedController] [36mpics : 2[0;39m
[2024-01-15 11:56:20 [32mINFO [0;39m http-nio-8082-exec-6] [com.green.greengram4.feed.FeedController] [36mdto : FeedInsDto(ifeed=0, iuser=0, contents=cat, location=catHome, pics=null)[0;39m
[2024-01-15 12:27:18 [32mINFO [0;39m File Watcher] [org.springframework.boot.devtools.autoconfigure.LocalDevToolsAutoConfiguration$RestartingClassPathChangeChangedEventListener] [36mRestarting due to 32 class path changes (0 additions, 0 deletions, 32 modifications)[0;39m
[2024-01-15 12:27:18 [32mINFO [0;39m Thread-5] [org.apache.coyote.http11.Http11NioProtocol] [36mStopping ProtocolHandler ["http-nio-8082"][0;39m
[2024-01-15 12:27:18 [32mINFO [0;39m Thread-5] [com.zaxxer.hikari.HikariDataSource] [36mHikariPool-1 - Shutdown initiated...[0;39m
[2024-01-15 12:27:18 [32mINFO [0;39m Thread-5] [com.zaxxer.hikari.HikariDataSource] [36mHikariPool-1 - Shutdown completed.[0;39m
[2024-01-15 12:27:18 [32mINFO [0;39m restartedMain] [com.green.greengram4.Greengram4Application] [36mStarting Greengram4Application using Java 17.0.8.1 with PID 5800 (D:\2023_second\greengram4\build\classes\java\main started by Administrator in D:\2023_second\greengram4)[0;39m
[2024-01-15 12:27:18 [32mINFO [0;39m restartedMain] [com.green.greengram4.Greengram4Application] [36mNo active profile set, falling back to 1 default profile: "default"[0;39m
[2024-01-15 12:27:18 [32mINFO [0;39m restartedMain] [org.springframework.boot.web.embedded.tomcat.TomcatWebServer] [36mTomcat initialized with port 8082 (http)[0;39m
[2024-01-15 12:27:18 [32mINFO [0;39m restartedMain] [org.apache.coyote.http11.Http11NioProtocol] [36mInitializing ProtocolHandler ["http-nio-8082"][0;39m
[2024-01-15 12:27:18 [32mINFO [0;39m restartedMain] [org.apache.catalina.core.StandardService] [36mStarting service [Tomcat][0;39m
[2024-01-15 12:27:18 [32mINFO [0;39m restartedMain] [org.apache.catalina.core.StandardEngine] [36mStarting Servlet engine: [Apache Tomcat/10.1.17][0;39m
[2024-01-15 12:27:18 [32mINFO [0;39m restartedMain] [org.apache.catalina.core.ContainerBase.[Tomcat].[localhost].[/]] [36mInitializing Spring embedded WebApplicationContext[0;39m
[2024-01-15 12:27:18 [32mINFO [0;39m restartedMain] [org.springframework.boot.web.servlet.context.ServletWebServerApplicationContext] [36mRoot WebApplicationContext: initialization completed in 284 ms[0;39m
[2024-01-15 12:27:18 [33mWARN [0;39m restartedMain] [org.springframework.boot.autoconfigure.security.servlet.UserDetailsServiceAutoConfiguration] [36m

Using generated security password: aa074c74-9598-4dfe-b69a-a03f05d2ab7c

This generated password is for development use only. Your security configuration must be updated before running your application in production.
[0;39m
[2024-01-15 12:27:18 [32mINFO [0;39m restartedMain] [org.springframework.boot.autoconfigure.web.servlet.WelcomePageHandlerMapping] [36mAdding welcome page: class path resource [static/index.html][0;39m
[2024-01-15 12:27:18 [32mINFO [0;39m restartedMain] [org.springframework.security.web.DefaultSecurityFilterChain] [36mWill secure any request with [org.springframework.security.web.session.DisableEncodeUrlFilter@2c92be47, org.springframework.security.web.context.request.async.WebAsyncManagerIntegrationFilter@7ebfcac8, org.springframework.security.web.context.SecurityContextHolderFilter@4066c026, org.springframework.security.web.header.HeaderWriterFilter@7de7184c, org.springframework.web.filter.CorsFilter@2d385511, org.springframework.security.web.authentication.logout.LogoutFilter@2f8aecb4, com.green.greengram4.security.JwtAuthenticationFilter@800b2a, org.springframework.security.web.savedrequest.RequestCacheAwareFilter@1ebb1d1e, org.springframework.security.web.servletapi.SecurityContextHolderAwareRequestFilter@5bdb43fd, org.springframework.security.web.authentication.AnonymousAuthenticationFilter@517883e6, org.springframework.security.web.session.SessionManagementFilter@7dc72ac7, org.springframework.security.web.access.ExceptionTranslationFilter@5cb04662, org.springframework.security.web.access.intercept.AuthorizationFilter@5485072f][0;39m
[2024-01-15 12:27:18 [32mINFO [0;39m restartedMain] [org.springframework.boot.devtools.autoconfigure.OptionalLiveReloadServer] [36mLiveReload server is running on port 35729[0;39m
[2024-01-15 12:27:18 [32mINFO [0;39m restartedMain] [org.apache.coyote.http11.Http11NioProtocol] [36mStarting ProtocolHandler ["http-nio-8082"][0;39m
[2024-01-15 12:27:18 [32mINFO [0;39m restartedMain] [org.springframework.boot.web.embedded.tomcat.TomcatWebServer] [36mTomcat started on port 8082 (http) with context path ''[0;39m
[2024-01-15 12:27:18 [32mINFO [0;39m restartedMain] [com.green.greengram4.Greengram4Application] [36mStarted Greengram4Application in 0.484 seconds (process running for 1864.889)[0;39m
[2024-01-15 12:27:18 [32mINFO [0;39m restartedMain] [org.springframework.boot.devtools.autoconfigure.ConditionEvaluationDeltaLoggingListener] [36mCondition evaluation unchanged[0;39m
